The shortest distance is here 395
The edge length offset is 4
Suboptimal paths will be no longer than 399
The sources are: 204 
The targets are: 369 
The final paths are:
204, 47, 49, 63, 109, 95, 29, 25, 369, (395)
204, 47, 49, 63, 109, 96, 29, 25, 369, (396)
204, 47, 49, 64, 108, 96, 29, 25, 369, (399)
Number of paths is 3
The residues that occur the most in the suboptimal paths are: 
25 3
29 3
47 3
49 3
63 2
96 2
109 2
204 3
369 3
The edges that occur the most in the suboptimal paths are:
25 29 3
25 369 3
47 49 3
47 204 3
