The shortest distance is here 336
The edge length offset is 4
Suboptimal paths will be no longer than 340
The sources are: 204 
The targets are: 418 
The final paths are:
204, 47, 72, 75, 78, 416, 418, (336)
204, 47, 65, 73, 75, 78, 416, 418, (340)
204, 47, 72, 74, 78, 416, 418, (338)
204, 47, 72, 76, 78, 416, 418, (340)
Number of paths is 4
The residues that occur the most in the suboptimal paths are: 
47 4
72 3
75 2
78 4
204 4
416 4
418 4
The edges that occur the most in the suboptimal paths are:
47 72 3
47 204 4
78 416 4
416 418 4
