The shortest distance is here 484
The edge length offset is 4
Suboptimal paths will be no longer than 488
The sources are: 204 
The targets are: 412 
The final paths are:
204, 202, 71, 74, 78, 81, 414, 412, (484)
204, 202, 71, 75, 78, 81, 414, 412, (486)
204, 202, 71, 74, 77, 81, 414, 412, (487)
Number of paths is 3
The residues that occur the most in the suboptimal paths are: 
71 3
74 2
78 2
81 3
202 3
204 3
412 3
414 3
The edges that occur the most in the suboptimal paths are:
71 202 3
81 414 3
202 204 3
412 414 3
