The shortest distance is here 2641
The edge length offset is 15
Suboptimal paths will be no longer than 2656
The sources are: 204 
The targets are: 380 
The final paths are:
204, 47, 72, 74, 412, 409, 383, 387, 380, (2641)
204, 47, 203, 72, 74, 412, 409, 383, 387, 380, (2641)
Number of paths is 2
The residues that occur the most in the suboptimal paths are: 
47 2
72 2
74 2
203 1
204 2
380 2
383 2
387 2
409 2
412 2
The edges that occur the most in the suboptimal paths are:
47 204 2
72 74 2
74 412 2
380 387 2
383 387 2
383 409 2
409 412 2
