The shortest distance is here 408
The edge length offset is 4
Suboptimal paths will be no longer than 412
The sources are: 204 
The targets are: 364 
The final paths are:
204, 47, 65, 109, 96, 29, 26, 364, (408)
204, 47, 49, 63, 109, 96, 29, 26, 364, (411)
204, 47, 49, 64, 108, 96, 29, 26, 364, (409)
204, 47, 65, 109, 95, 29, 26, 364, (409)
204, 47, 49, 63, 109, 95, 29, 26, 364, (412)
204, 47, 65, 109, 96, 29, 25, 364, (410)
204, 47, 49, 64, 108, 96, 29, 25, 364, (411)
204, 47, 65, 109, 95, 29, 25, 364, (411)
Number of paths is 8
The residues that occur the most in the suboptimal paths are: 
26 5
29 8
47 8
49 4
65 4
96 5
109 6
204 8
364 8
The edges that occur the most in the suboptimal paths are:
47 204 8
