The shortest distance is here 454
The edge length offset is 4
Suboptimal paths will be no longer than 458
The sources are: 204 
The targets are: 384 
The final paths are:
204, 202, 71, 74, 415, 413, 411, 421, 405, 407, 384, (454)
204, 202, 71, 74, 415, 413, 410, 405, 407, 384, (456)
Number of paths is 2
The residues that occur the most in the suboptimal paths are: 
71 2
74 2
202 2
204 2
384 2
405 2
407 2
410 1
411 1
413 2
415 2
421 1
The edges that occur the most in the suboptimal paths are:
71 74 2
71 202 2
74 415 2
202 204 2
384 407 2
405 407 2
413 415 2
