The shortest distance is here 633
The edge length offset is 4
Suboptimal paths will be no longer than 637
The sources are: 204 
The targets are: 371 
The final paths are:
204, 202, 71, 74, 415, 413, 411, 421, 423, 403, 401, 428, 352, 371, (633)
204, 202, 71, 74, 415, 413, 409, 405, 403, 401, 428, 352, 371, (634)
204, 202, 71, 74, 415, 413, 410, 405, 403, 401, 428, 352, 371, (635)
204, 202, 71, 74, 415, 413, 411, 421, 405, 403, 401, 428, 352, 371, (635)
204, 202, 71, 74, 415, 413, 411, 421, 423, 403, 401, 399, 428, 352, 371, (635)
204, 202, 71, 74, 415, 413, 409, 405, 403, 401, 399, 428, 352, 371, (636)
204, 202, 71, 74, 415, 413, 410, 405, 403, 401, 399, 428, 352, 371, (637)
204, 202, 71, 74, 415, 413, 411, 421, 405, 403, 401, 399, 428, 352, 371, (637)
204, 202, 71, 74, 415, 413, 420, 422, 424, 426, 428, 352, 371, (634)
204, 202, 71, 74, 415, 413, 420, 422, 424, 426, 353, 366, 371, (637)
Number of paths is 10
The residues that occur the most in the suboptimal paths are: 
71 10
74 10
202 10
204 10
352 9
371 10
401 8
403 8
405 6
413 10
415 10
428 9
The edges that occur the most in the suboptimal paths are:
71 74 10
71 202 10
74 415 10
202 204 10
352 371 9
352 428 9
401 403 8
413 415 10
