The shortest distance is here 284
The edge length offset is 4
Suboptimal paths will be no longer than 288
The sources are: 204 
The targets are: 417 
The final paths are:
204, 47, 65, 73, 415, 417, (284)
204, 47, 69, 73, 415, 417, (286)
204, 47, 72, 74, 415, 417, (284)
204, 47, 69, 71, 74, 415, 417, (288)
204, 47, 65, 73, 77, 415, 417, (284)
204, 47, 69, 73, 77, 415, 417, (285)
204, 47, 65, 109, 77, 415, 417, (288)
204, 47, 72, 75, 78, 415, 417, (288)
Number of paths is 8
The residues that occur the most in the suboptimal paths are: 
47 8
73 4
204 8
415 8
417 8
The edges that occur the most in the suboptimal paths are:
47 204 8
415 417 8
