The shortest distance is here 429
The edge length offset is 4
Suboptimal paths will be no longer than 433
The sources are: 204 
The targets are: 368 
The final paths are:
204, 47, 65, 109, 96, 29, 25, 369, 366, 368, (429)
204, 47, 49, 63, 109, 96, 29, 25, 369, 366, 368, (432)
204, 47, 49, 64, 108, 96, 29, 25, 369, 366, 368, (430)
204, 47, 65, 109, 95, 29, 25, 369, 366, 368, (430)
204, 47, 49, 63, 109, 95, 29, 25, 369, 366, 368, (433)
204, 47, 65, 109, 96, 29, 25, 369, 367, 370, 368, (429)
204, 47, 49, 63, 109, 96, 29, 25, 369, 367, 370, 368, (432)
204, 47, 49, 64, 108, 96, 29, 25, 369, 367, 370, 368, (430)
204, 47, 65, 109, 95, 29, 25, 369, 367, 370, 368, (430)
204, 47, 49, 63, 109, 95, 29, 25, 369, 367, 370, 368, (433)
Number of paths is 10
The residues that occur the most in the suboptimal paths are: 
25 10
29 10
47 10
49 6
96 6
109 8
204 10
366 5
367 5
368 10
369 10
370 5
The edges that occur the most in the suboptimal paths are:
25 29 10
25 369 10
47 204 10
