The shortest distance is here 2437
The edge length offset is 15
Suboptimal paths will be no longer than 2452
The sources are: 204 
The targets are: 426 
The final paths are:
204, 47, 72, 74, 415, 417, 363, 426, (2437)
204, 47, 203, 72, 74, 415, 417, 363, 426, (2437)
Number of paths is 2
The residues that occur the most in the suboptimal paths are: 
47 2
72 2
74 2
203 1
204 2
363 2
415 2
417 2
426 2
The edges that occur the most in the suboptimal paths are:
47 204 2
72 74 2
74 415 2
363 417 2
363 426 2
415 417 2
