The shortest distance is here 3526
The edge length offset is 15
Suboptimal paths will be no longer than 3541
The sources are: 204 
The targets are: 374 
The final paths are:
204, 202, 71, 73, 97, 30, 382, 373, 349, 374, (3526)
204, 202, 71, 73, 97, 30, 382, 373, 350, 374, (3526)
Number of paths is 2
The residues that occur the most in the suboptimal paths are: 
30 2
71 2
73 2
97 2
202 2
204 2
349 1
350 1
373 2
374 2
382 2
The edges that occur the most in the suboptimal paths are:
30 97 2
30 382 2
71 73 2
71 202 2
73 97 2
202 204 2
373 382 2
