The shortest distance is here 558
The edge length offset is 4
Suboptimal paths will be no longer than 562
The sources are: 204 
The targets are: 368 
The final paths are:
204, 202, 71, 73, 96, 29, 25, 369, 366, 368, (558)
204, 202, 71, 74, 415, 417, 419, 421, 423, 425, 427, 354, 365, 368, (562)
Number of paths is 2
The residues that occur the most in the suboptimal paths are: 
25 1
29 1
71 2
73 1
74 1
96 1
202 2
204 2
354 1
365 1
366 1
368 2
369 1
415 1
417 1
419 1
421 1
423 1
425 1
427 1
The edges that occur the most in the suboptimal paths are:
71 202 2
202 204 2
