The shortest distance is here 374
The edge length offset is 4
Suboptimal paths will be no longer than 378
The sources are: 204 
The targets are: 364 
The final paths are:
204, 47, 72, 74, 415, 413, 411, 421, 423, 425, 355, 364, (374)
204, 47, 72, 75, 77, 415, 413, 411, 421, 423, 425, 355, 364, (377)
204, 47, 72, 74, 77, 415, 413, 411, 421, 423, 425, 355, 364, (378)
204, 47, 72, 75, 78, 415, 413, 411, 421, 423, 425, 355, 364, (375)
204, 47, 72, 74, 78, 415, 413, 411, 421, 423, 425, 355, 364, (378)
204, 47, 72, 74, 415, 413, 410, 405, 403, 401, 399, 427, 354, 364, (377)
204, 47, 72, 75, 78, 415, 413, 410, 405, 403, 401, 399, 427, 354, 364, (378)
204, 47, 72, 74, 415, 413, 411, 421, 423, 403, 401, 399, 427, 354, 364, (378)
Number of paths is 8
The residues that occur the most in the suboptimal paths are: 
47 8
72 8
74 5
204 8
355 5
364 8
411 6
413 8
415 8
421 6
423 6
425 5
The edges that occur the most in the suboptimal paths are:
47 72 8
47 204 8
411 413 6
411 421 6
413 415 8
421 423 6
