The shortest distance is here 377
The edge length offset is 4
Suboptimal paths will be no longer than 381
The sources are: 204 
The targets are: 371 
The final paths are:
204, 47, 72, 74, 415, 413, 411, 421, 423, 402, 400, 334, 398, 429, 352, 366, 371, (377)
204, 47, 72, 75, 77, 415, 413, 411, 421, 423, 402, 400, 334, 398, 429, 352, 366, 371, (380)
204, 47, 72, 74, 77, 415, 413, 411, 421, 423, 402, 400, 334, 398, 429, 352, 366, 371, (381)
204, 47, 72, 75, 78, 415, 413, 411, 421, 423, 402, 400, 334, 398, 429, 352, 366, 371, (378)
204, 47, 72, 74, 78, 415, 413, 411, 421, 423, 402, 400, 334, 398, 429, 352, 366, 371, (381)
204, 47, 72, 74, 415, 413, 411, 421, 423, 425, 400, 334, 398, 429, 352, 366, 371, (379)
204, 47, 72, 75, 78, 415, 413, 411, 421, 423, 425, 400, 334, 398, 429, 352, 366, 371, (380)
204, 47, 72, 74, 415, 413, 410, 405, 403, 401, 399, 397, 429, 352, 366, 371, (380)
204, 47, 72, 75, 78, 415, 413, 410, 405, 403, 401, 399, 397, 429, 352, 366, 371, (381)
204, 47, 72, 74, 415, 413, 411, 421, 423, 403, 401, 399, 397, 429, 352, 366, 371, (381)
204, 47, 72, 74, 415, 413, 410, 405, 403, 401, 399, 428, 353, 366, 371, (377)
204, 47, 72, 75, 77, 415, 413, 410, 405, 403, 401, 399, 428, 353, 366, 371, (380)
204, 47, 72, 74, 77, 415, 413, 410, 405, 403, 401, 399, 428, 353, 366, 371, (381)
204, 47, 72, 75, 78, 415, 413, 410, 405, 403, 401, 399, 428, 353, 366, 371, (378)
204, 47, 72, 74, 78, 415, 413, 410, 405, 403, 401, 399, 428, 353, 366, 371, (381)
204, 47, 72, 74, 415, 413, 411, 421, 405, 403, 401, 399, 428, 353, 366, 371, (379)
204, 47, 72, 75, 78, 415, 413, 411, 421, 405, 403, 401, 399, 428, 353, 366, 371, (380)
204, 47, 72, 74, 415, 413, 411, 421, 423, 403, 401, 399, 428, 353, 366, 371, (378)
204, 47, 72, 75, 77, 415, 413, 411, 421, 423, 403, 401, 399, 428, 353, 366, 371, (381)
204, 47, 72, 75, 78, 415, 413, 411, 421, 423, 403, 401, 399, 428, 353, 366, 371, (379)
204, 47, 72, 74, 415, 413, 411, 421, 423, 425, 401, 399, 428, 353, 366, 371, (380)
204, 47, 72, 75, 78, 415, 413, 411, 421, 423, 425, 401, 399, 428, 353, 366, 371, (381)
204, 47, 72, 74, 415, 413, 410, 405, 403, 401, 428, 353, 366, 371, (381)
204, 47, 72, 74, 415, 413, 410, 405, 403, 401, 426, 428, 353, 366, 371, (381)
204, 47, 72, 74, 415, 413, 420, 422, 424, 426, 428, 353, 366, 371, (381)
204, 47, 72, 74, 415, 413, 410, 405, 403, 401, 399, 427, 353, 366, 371, (381)
Number of paths is 26
The residues that occur the most in the suboptimal paths are: 
47 26
72 26
74 16
204 26
353 16
366 26
371 26
399 16
401 18
403 16
411 15
413 26
415 26
421 15
423 13
428 15
The edges that occur the most in the suboptimal paths are:
47 72 26
47 204 26
366 371 26
413 415 26
