The shortest distance is here 371
The edge length offset is 4
Suboptimal paths will be no longer than 375
The sources are: 204 
The targets are: 374 
The final paths are:
204, 47, 72, 74, 415, 413, 411, 421, 423, 402, 400, 334, 398, 429, 350, 374, (371)
204, 47, 72, 74, 415, 413, 410, 405, 403, 401, 399, 397, 430, 350, 374, (373)
204, 47, 72, 75, 78, 415, 413, 410, 405, 403, 401, 399, 397, 430, 350, 374, (374)
204, 47, 72, 74, 415, 413, 411, 421, 405, 403, 401, 399, 397, 430, 350, 374, (375)
204, 47, 72, 74, 415, 413, 411, 421, 423, 403, 401, 399, 397, 430, 350, 374, (374)
204, 47, 72, 75, 78, 415, 413, 411, 421, 423, 403, 401, 399, 397, 430, 350, 374, (375)
204, 47, 72, 74, 415, 413, 411, 421, 423, 402, 400, 334, 398, 429, 431, 350, 374, (371)
204, 47, 72, 75, 77, 415, 413, 411, 421, 423, 402, 400, 334, 398, 429, 431, 350, 374, (374)
204, 47, 72, 74, 77, 415, 413, 411, 421, 423, 402, 400, 334, 398, 429, 431, 350, 374, (375)
204, 47, 72, 75, 78, 415, 413, 411, 421, 423, 402, 400, 334, 398, 429, 431, 350, 374, (372)
204, 47, 72, 74, 78, 415, 413, 411, 421, 423, 402, 400, 334, 398, 429, 431, 350, 374, (375)
204, 47, 72, 74, 415, 413, 411, 421, 423, 425, 400, 334, 398, 429, 431, 350, 374, (373)
204, 47, 72, 75, 78, 415, 413, 411, 421, 423, 425, 400, 334, 398, 429, 431, 350, 374, (374)
204, 47, 72, 74, 415, 413, 410, 405, 403, 401, 399, 397, 429, 431, 350, 374, (374)
204, 47, 72, 75, 78, 415, 413, 410, 405, 403, 401, 399, 397, 429, 431, 350, 374, (375)
204, 47, 72, 74, 415, 413, 411, 421, 423, 403, 401, 399, 397, 429, 431, 350, 374, (375)
204, 47, 72, 74, 415, 413, 410, 405, 403, 401, 399, 397, 430, 432, 350, 374, (372)
204, 47, 72, 75, 77, 415, 413, 410, 405, 403, 401, 399, 397, 430, 432, 350, 374, (375)
204, 47, 72, 75, 78, 415, 413, 410, 405, 403, 401, 399, 397, 430, 432, 350, 374, (373)
204, 47, 72, 74, 415, 413, 411, 421, 405, 403, 401, 399, 397, 430, 432, 350, 374, (374)
204, 47, 72, 75, 78, 415, 413, 411, 421, 405, 403, 401, 399, 397, 430, 432, 350, 374, (375)
204, 47, 72, 74, 415, 413, 411, 421, 423, 403, 401, 399, 397, 430, 432, 350, 374, (373)
204, 47, 72, 75, 78, 415, 413, 411, 421, 423, 403, 401, 399, 397, 430, 432, 350, 374, (374)
204, 47, 72, 74, 415, 413, 411, 421, 423, 425, 401, 399, 397, 430, 432, 350, 374, (375)
204, 47, 65, 107, 97, 30, 381, 376, 348, 374, (375)
Number of paths is 25
The residues that occur the most in the suboptimal paths are: 
47 25
72 24
74 14
204 25
350 24
374 25
397 16
399 16
401 16
403 15
411 17
413 24
415 24
421 17
423 14
430 13
The edges that occur the most in the suboptimal paths are:
47 72 24
47 204 25
350 374 24
413 415 24
