The shortest distance is here 417
The edge length offset is 4
Suboptimal paths will be no longer than 421
The sources are: 204 
The targets are: 364 
The final paths are:
204, 47, 49, 63, 109, 77, 415, 413, 411, 421, 423, 425, 355, 364, (417)
204, 47, 49, 63, 109, 77, 415, 413, 411, 421, 423, 425, 427, 354, 364, (418)
Number of paths is 2
The residues that occur the most in the suboptimal paths are: 
47 2
49 2
63 2
77 2
109 2
204 2
354 1
355 1
364 2
411 2
413 2
415 2
421 2
423 2
425 2
427 1
The edges that occur the most in the suboptimal paths are:
47 49 2
47 204 2
49 63 2
63 109 2
77 109 2
77 415 2
411 413 2
411 421 2
413 415 2
421 423 2
423 425 2
