The shortest distance is here 335
The edge length offset is 4
Suboptimal paths will be no longer than 339
The sources are: 204 
The targets are: 412 
The final paths are:
204, 47, 65, 73, 77, 81, 414, 412, (335)
204, 47, 69, 73, 77, 81, 414, 412, (336)
204, 47, 65, 109, 77, 81, 414, 412, (339)
204, 47, 72, 75, 78, 81, 414, 412, (338)
Number of paths is 4
The residues that occur the most in the suboptimal paths are: 
47 4
65 2
73 2
77 3
81 4
204 4
412 4
414 4
The edges that occur the most in the suboptimal paths are:
47 204 4
77 81 3
81 414 4
412 414 4
