The shortest distance is here 380
The edge length offset is 4
Suboptimal paths will be no longer than 384
The sources are: 204 
The targets are: 363 
The final paths are:
204, 47, 65, 73, 415, 417, 363, (380)
204, 47, 69, 73, 415, 417, 363, (382)
204, 47, 72, 74, 415, 417, 363, (380)
204, 47, 69, 71, 74, 415, 417, 363, (384)
204, 47, 65, 73, 77, 415, 417, 363, (380)
204, 47, 69, 73, 77, 415, 417, 363, (381)
204, 47, 65, 109, 77, 415, 417, 363, (384)
204, 47, 72, 75, 78, 415, 417, 363, (384)
Number of paths is 8
The residues that occur the most in the suboptimal paths are: 
47 8
73 4
204 8
363 8
415 8
417 8
The edges that occur the most in the suboptimal paths are:
47 204 8
363 417 8
415 417 8
