The shortest distance is here 384
The edge length offset is 4
Suboptimal paths will be no longer than 388
The sources are: 204 
The targets are: 379 
The final paths are:
204, 202, 71, 73, 96, 29, 31, 381, 379, (384)
204, 202, 71, 73, 97, 33, 31, 381, 379, (384)
204, 202, 71, 73, 108, 33, 31, 381, 379, (388)
Number of paths is 3
The residues that occur the most in the suboptimal paths are: 
31 3
33 2
71 3
73 3
202 3
204 3
379 3
381 3
The edges that occur the most in the suboptimal paths are:
31 381 3
71 73 3
71 202 3
202 204 3
379 381 3
