The shortest distance is here 414
The edge length offset is 4
Suboptimal paths will be no longer than 418
The sources are: 204 
The targets are: 374 
The final paths are:
204, 47, 65, 107, 97, 30, 28, 373, 350, 374, (414)
204, 47, 65, 107, 97, 33, 31, 373, 350, 374, (415)
Number of paths is 2
The residues that occur the most in the suboptimal paths are: 
28 1
30 1
31 1
33 1
47 2
65 2
97 2
107 2
204 2
350 2
373 2
374 2
The edges that occur the most in the suboptimal paths are:
47 65 2
47 204 2
65 107 2
97 107 2
350 373 2
350 374 2
