The shortest distance is here 313
The edge length offset is 4
Suboptimal paths will be no longer than 317
The sources are: 204 
The targets are: 426 
The final paths are:
204, 47, 72, 74, 415, 413, 410, 405, 403, 401, 426, (313)
204, 47, 72, 75, 77, 415, 413, 410, 405, 403, 401, 426, (316)
204, 47, 72, 74, 77, 415, 413, 410, 405, 403, 401, 426, (317)
204, 47, 72, 75, 78, 415, 413, 410, 405, 403, 401, 426, (314)
204, 47, 72, 74, 78, 415, 413, 410, 405, 403, 401, 426, (317)
204, 47, 72, 74, 415, 413, 411, 421, 405, 403, 401, 426, (315)
204, 47, 72, 75, 78, 415, 413, 411, 421, 405, 403, 401, 426, (316)
204, 47, 72, 74, 415, 413, 411, 421, 423, 403, 401, 426, (314)
204, 47, 72, 75, 77, 415, 413, 411, 421, 423, 403, 401, 426, (317)
204, 47, 72, 75, 78, 415, 413, 411, 421, 423, 403, 401, 426, (315)
204, 47, 72, 74, 415, 413, 411, 421, 423, 425, 401, 426, (316)
204, 47, 72, 75, 78, 415, 413, 411, 421, 423, 425, 401, 426, (317)
204, 47, 72, 74, 415, 413, 411, 421, 423, 402, 400, 426, (315)
204, 47, 72, 75, 78, 415, 413, 411, 421, 423, 402, 400, 426, (316)
204, 47, 72, 74, 415, 413, 411, 421, 423, 425, 400, 426, (317)
204, 47, 72, 74, 415, 413, 420, 422, 424, 426, (313)
204, 47, 72, 75, 77, 415, 413, 420, 422, 424, 426, (316)
204, 47, 72, 74, 77, 415, 413, 420, 422, 424, 426, (317)
204, 47, 72, 75, 78, 415, 413, 420, 422, 424, 426, (314)
204, 47, 72, 74, 78, 415, 413, 420, 422, 424, 426, (317)
Number of paths is 20
The residues that occur the most in the suboptimal paths are: 
47 20
72 20
74 11
204 20
401 12
403 10
411 10
413 20
415 20
421 10
426 20
The edges that occur the most in the suboptimal paths are:
47 72 20
47 204 20
413 415 20
