The shortest distance is here 325
The edge length offset is 4
Suboptimal paths will be no longer than 329
The sources are: 204 
The targets are: 363 
The final paths are:
204, 47, 72, 74, 415, 417, 363, (325)
204, 47, 72, 75, 77, 415, 417, 363, (328)
204, 47, 72, 74, 77, 415, 417, 363, (329)
204, 47, 72, 75, 78, 415, 417, 363, (326)
204, 47, 72, 74, 78, 415, 417, 363, (329)
Number of paths is 5
The residues that occur the most in the suboptimal paths are: 
47 5
72 5
74 3
204 5
363 5
415 5
417 5
The edges that occur the most in the suboptimal paths are:
47 72 5
47 204 5
363 417 5
415 417 5
