The shortest distance is here 371
The edge length offset is 4
Suboptimal paths will be no longer than 375
The sources are: 204 
The targets are: 373 
The final paths are:
204, 47, 49, 63, 109, 95, 29, 27, 373, (371)
204, 47, 49, 63, 109, 96, 29, 27, 373, (372)
204, 47, 49, 64, 108, 96, 29, 27, 373, (375)
Number of paths is 3
The residues that occur the most in the suboptimal paths are: 
27 3
29 3
47 3
49 3
63 2
96 2
109 2
204 3
373 3
The edges that occur the most in the suboptimal paths are:
27 29 3
27 373 3
47 49 3
47 204 3
