The shortest distance is here 391
The edge length offset is 4
Suboptimal paths will be no longer than 395
The sources are: 204 
The targets are: 386 
The final paths are:
204, 47, 49, 63, 109, 77, 415, 413, 411, 421, 423, 403, 386, (391)
204, 47, 49, 63, 109, 77, 415, 413, 410, 405, 403, 386, (394)
204, 47, 49, 63, 109, 77, 415, 413, 411, 421, 405, 403, 386, (394)
204, 47, 65, 107, 97, 30, 382, 386, (394)
Number of paths is 4
The residues that occur the most in the suboptimal paths are: 
47 4
49 3
63 3
77 3
109 3
204 4
386 4
403 3
405 2
411 2
413 3
415 3
421 2
The edges that occur the most in the suboptimal paths are:
47 49 3
47 204 4
49 63 3
63 109 3
77 109 3
77 415 3
386 403 3
413 415 3
