The shortest distance is here 300
The edge length offset is 4
Suboptimal paths will be no longer than 304
The sources are: 204 
The targets are: 384 
The final paths are:
204, 47, 72, 74, 415, 413, 410, 405, 407, 384, (300)
204, 47, 72, 75, 77, 415, 413, 410, 405, 407, 384, (303)
204, 47, 72, 74, 77, 415, 413, 410, 405, 407, 384, (304)
204, 47, 72, 75, 78, 415, 413, 410, 405, 407, 384, (301)
204, 47, 72, 74, 78, 415, 413, 410, 405, 407, 384, (304)
204, 47, 72, 74, 415, 413, 411, 421, 405, 407, 384, (302)
204, 47, 72, 75, 78, 415, 413, 411, 421, 405, 407, 384, (303)
Number of paths is 7
The residues that occur the most in the suboptimal paths are: 
47 7
72 7
74 4
204 7
384 7
405 7
407 7
410 5
413 7
415 7
The edges that occur the most in the suboptimal paths are:
47 72 7
47 204 7
384 407 7
405 407 7
413 415 7
