The shortest distance is here 601
The edge length offset is 4
Suboptimal paths will be no longer than 605
The sources are: 204 
The targets are: 365 
The final paths are:
204, 202, 71, 74, 415, 413, 411, 421, 423, 425, 354, 365, (601)
204, 202, 71, 74, 415, 413, 420, 422, 424, 426, 354, 365, (601)
Number of paths is 2
The residues that occur the most in the suboptimal paths are: 
71 2
74 2
202 2
204 2
354 2
365 2
411 1
413 2
415 2
420 1
421 1
422 1
423 1
424 1
425 1
426 1
The edges that occur the most in the suboptimal paths are:
71 74 2
71 202 2
74 415 2
202 204 2
354 365 2
413 415 2
