The shortest distance is here 2755
The edge length offset is 15
Suboptimal paths will be no longer than 2770
The sources are: 204 
The targets are: 424 
The final paths are:
204, 202, 71, 73, 415, 413, 418, 424, (2755)
204, 202, 71, 74, 415, 413, 418, 424, (2770)
204, 202, 71, 73, 415, 413, 409, 424, (2760)
Number of paths is 3
The residues that occur the most in the suboptimal paths are: 
71 3
73 2
202 3
204 3
413 3
415 3
418 2
424 3
The edges that occur the most in the suboptimal paths are:
71 202 3
202 204 3
413 415 3
