The shortest distance is here 394
The edge length offset is 4
Suboptimal paths will be no longer than 398
The sources are: 204 
The targets are: 371 
The final paths are:
204, 47, 49, 63, 109, 95, 29, 27, 373, 371, (394)
204, 47, 49, 63, 109, 96, 29, 27, 373, 371, (395)
204, 47, 49, 64, 108, 96, 29, 27, 373, 371, (398)
Number of paths is 3
The residues that occur the most in the suboptimal paths are: 
27 3
29 3
47 3
49 3
63 2
96 2
109 2
204 3
371 3
373 3
The edges that occur the most in the suboptimal paths are:
27 29 3
27 373 3
47 49 3
47 204 3
371 373 3
