The shortest distance is here 411
The edge length offset is 4
Suboptimal paths will be no longer than 415
The sources are: 204 
The targets are: 412 
The final paths are:
204, 202, 71, 74, 77, 414, 412, (411)
204, 202, 71, 73, 77, 414, 412, (412)
204, 202, 71, 75, 77, 414, 412, (414)
Number of paths is 3
The residues that occur the most in the suboptimal paths are: 
71 3
77 3
202 3
204 3
412 3
414 3
The edges that occur the most in the suboptimal paths are:
71 202 3
77 414 3
202 204 3
412 414 3
