The shortest distance is here 339
The edge length offset is 4
Suboptimal paths will be no longer than 343
The sources are: 204 
The targets are: 353 
The final paths are:
204, 47, 72, 74, 415, 413, 410, 405, 403, 401, 399, 428, 353, (339)
204, 47, 72, 75, 77, 415, 413, 410, 405, 403, 401, 399, 428, 353, (342)
204, 47, 72, 74, 77, 415, 413, 410, 405, 403, 401, 399, 428, 353, (343)
204, 47, 72, 75, 78, 415, 413, 410, 405, 403, 401, 399, 428, 353, (340)
204, 47, 72, 74, 78, 415, 413, 410, 405, 403, 401, 399, 428, 353, (343)
204, 47, 72, 74, 415, 413, 411, 421, 405, 403, 401, 399, 428, 353, (341)
204, 47, 72, 75, 78, 415, 413, 411, 421, 405, 403, 401, 399, 428, 353, (342)
204, 47, 72, 74, 415, 413, 411, 421, 423, 403, 401, 399, 428, 353, (340)
204, 47, 72, 75, 77, 415, 413, 411, 421, 423, 403, 401, 399, 428, 353, (343)
204, 47, 72, 75, 78, 415, 413, 411, 421, 423, 403, 401, 399, 428, 353, (341)
204, 47, 72, 74, 415, 413, 411, 421, 423, 425, 401, 399, 428, 353, (342)
204, 47, 72, 75, 78, 415, 413, 411, 421, 423, 425, 401, 399, 428, 353, (343)
204, 47, 72, 74, 415, 413, 410, 405, 403, 401, 428, 353, (343)
204, 47, 72, 74, 415, 413, 410, 405, 403, 401, 426, 428, 353, (343)
204, 47, 72, 74, 415, 413, 420, 422, 424, 426, 428, 353, (343)
204, 47, 72, 74, 415, 413, 410, 405, 403, 401, 399, 427, 353, (343)
Number of paths is 16
The residues that occur the most in the suboptimal paths are: 
47 16
72 16
74 10
204 16
353 16
399 13
401 15
403 13
405 10
410 8
413 16
415 16
428 15
The edges that occur the most in the suboptimal paths are:
47 72 16
47 204 16
353 428 15
399 401 13
399 428 12
401 403 13
413 415 16
