The shortest distance is here 298
The edge length offset is 4
Suboptimal paths will be no longer than 302
The sources are: 204 
The targets are: 414 
The final paths are:
204, 202, 71, 74, 78, 81, 414, (298)
204, 202, 71, 75, 78, 81, 414, (300)
204, 202, 71, 74, 77, 81, 414, (299)
204, 202, 71, 73, 77, 81, 414, (302)
Number of paths is 4
The residues that occur the most in the suboptimal paths are: 
71 4
74 2
77 2
78 2
81 4
202 4
204 4
414 4
The edges that occur the most in the suboptimal paths are:
71 202 4
81 414 4
202 204 4
