The shortest distance is here 372
The edge length offset is 4
Suboptimal paths will be no longer than 376
The sources are: 204 
The targets are: 384 
The final paths are:
204, 202, 71, 74, 415, 417, 419, 421, 405, 407, 384, (372)
Number of paths is 1
The residues that occur the most in the suboptimal paths are: 
71 1
74 1
202 1
204 1
384 1
405 1
407 1
415 1
417 1
419 1
421 1
The edges that occur the most in the suboptimal paths are:
71 74 1
71 202 1
74 415 1
202 204 1
384 407 1
405 407 1
405 421 1
415 417 1
417 419 1
419 421 1
