The shortest distance is here 2795
The edge length offset is 15
Suboptimal paths will be no longer than 2810
The sources are: 204 
The targets are: 409 
The final paths are:
204, 202, 71, 73, 415, 413, 409, (2795)
204, 206, 164, 203, 72, 74, 415, 413, 409, (2797)
204, 202, 71, 73, 96, 414, 409, (2809)
Number of paths is 3
The residues that occur the most in the suboptimal paths are: 
71 2
73 2
202 2
204 3
409 3
413 2
415 2
The edges that occur the most in the suboptimal paths are:
71 73 2
71 202 2
202 204 2
409 413 2
413 415 2
