The shortest distance is here 588
The edge length offset is 4
Suboptimal paths will be no longer than 592
The sources are: 204 
The targets are: 374 
The final paths are:
204, 202, 71, 73, 97, 30, 381, 376, 348, 374, (588)
204, 202, 71, 74, 415, 417, 419, 421, 423, 425, 427, 429, 350, 374, (592)
204, 202, 71, 74, 415, 417, 419, 422, 424, 426, 428, 430, 350, 374, (592)
204, 202, 71, 74, 415, 417, 419, 421, 423, 425, 427, 429, 431, 350, 374, (592)
Number of paths is 4
The residues that occur the most in the suboptimal paths are: 
71 4
74 3
202 4
204 4
350 3
374 4
415 3
417 3
419 3
421 2
423 2
425 2
427 2
429 2
The edges that occur the most in the suboptimal paths are:
71 74 3
71 202 4
74 415 3
202 204 4
350 374 3
415 417 3
417 419 3
