The shortest distance is here 365
The edge length offset is 4
Suboptimal paths will be no longer than 369
The sources are: 204 
The targets are: 368 
The final paths are:
204, 47, 72, 74, 415, 413, 410, 405, 403, 401, 399, 427, 354, 365, 368, (365)
204, 47, 72, 75, 77, 415, 413, 410, 405, 403, 401, 399, 427, 354, 365, 368, (368)
204, 47, 72, 74, 77, 415, 413, 410, 405, 403, 401, 399, 427, 354, 365, 368, (369)
204, 47, 72, 75, 78, 415, 413, 410, 405, 403, 401, 399, 427, 354, 365, 368, (366)
204, 47, 72, 74, 78, 415, 413, 410, 405, 403, 401, 399, 427, 354, 365, 368, (369)
204, 47, 72, 74, 415, 413, 411, 421, 405, 403, 401, 399, 427, 354, 365, 368, (367)
204, 47, 72, 75, 78, 415, 413, 411, 421, 405, 403, 401, 399, 427, 354, 365, 368, (368)
204, 47, 72, 74, 415, 413, 411, 421, 423, 403, 401, 399, 427, 354, 365, 368, (366)
204, 47, 72, 75, 77, 415, 413, 411, 421, 423, 403, 401, 399, 427, 354, 365, 368, (369)
204, 47, 72, 75, 78, 415, 413, 411, 421, 423, 403, 401, 399, 427, 354, 365, 368, (367)
204, 47, 72, 74, 415, 413, 411, 421, 423, 425, 401, 399, 427, 354, 365, 368, (368)
204, 47, 72, 75, 78, 415, 413, 411, 421, 423, 425, 401, 399, 427, 354, 365, 368, (369)
204, 47, 72, 74, 415, 413, 410, 405, 403, 401, 426, 354, 365, 368, (367)
204, 47, 72, 75, 78, 415, 413, 410, 405, 403, 401, 426, 354, 365, 368, (368)
204, 47, 72, 74, 415, 413, 411, 421, 405, 403, 401, 426, 354, 365, 368, (369)
204, 47, 72, 74, 415, 413, 411, 421, 423, 403, 401, 426, 354, 365, 368, (368)
204, 47, 72, 75, 78, 415, 413, 411, 421, 423, 403, 401, 426, 354, 365, 368, (369)
204, 47, 72, 74, 415, 413, 411, 421, 423, 402, 400, 426, 354, 365, 368, (369)
204, 47, 72, 74, 415, 413, 420, 422, 424, 426, 354, 365, 368, (367)
204, 47, 72, 75, 78, 415, 413, 420, 422, 424, 426, 354, 365, 368, (368)
Number of paths is 20
The residues that occur the most in the suboptimal paths are: 
47 20
72 20
74 11
204 20
354 20
365 20
368 20
399 12
401 17
403 15
405 10
411 11
413 20
415 20
421 11
427 12
The edges that occur the most in the suboptimal paths are:
47 72 20
47 204 20
354 365 20
365 368 20
401 403 15
413 415 20
