The shortest distance is here 2840
The edge length offset is 15
Suboptimal paths will be no longer than 2855
The sources are: 204 
The targets are: 426 
The final paths are:
204, 202, 71, 73, 415, 417, 363, 426, (2840)
204, 202, 71, 74, 415, 417, 363, 426, (2853)
Number of paths is 2
The residues that occur the most in the suboptimal paths are: 
71 2
73 1
74 1
202 2
204 2
363 2
415 2
417 2
426 2
The edges that occur the most in the suboptimal paths are:
71 202 2
202 204 2
363 417 2
363 426 2
415 417 2
