The shortest distance is here 609
The edge length offset is 4
Suboptimal paths will be no longer than 613
The sources are: 204 
The targets are: 376 
The final paths are:
204, 202, 71, 73, 108, 33, 30, 381, 376, (609)
204, 206, 166, 169, 171, 114, 112, 94, 29, 31, 381, 376, (613)
204, 202, 71, 73, 96, 29, 31, 381, 376, (613)
204, 202, 71, 73, 108, 33, 31, 381, 376, (613)
204, 202, 71, 74, 415, 413, 409, 383, 387, 376, (610)
Number of paths is 5
The residues that occur the most in the suboptimal paths are: 
31 3
71 4
73 3
202 4
204 5
376 5
381 4
The edges that occur the most in the suboptimal paths are:
31 381 3
71 73 3
71 202 4
202 204 4
376 381 4
