The shortest distance is here 1990
The edge length offset is 15
Suboptimal paths will be no longer than 2005
The sources are: 204 
The targets are: 373 
The final paths are:
204, 47, 72, 74, 412, 409, 27, 373, (1990)
204, 47, 203, 72, 74, 412, 409, 27, 373, (1990)
Number of paths is 2
The residues that occur the most in the suboptimal paths are: 
27 2
47 2
72 2
74 2
203 1
204 2
373 2
409 2
412 2
The edges that occur the most in the suboptimal paths are:
27 373 2
27 409 2
47 204 2
72 74 2
74 412 2
409 412 2
