The shortest distance is here 431
The edge length offset is 4
Suboptimal paths will be no longer than 435
The sources are: 204 
The targets are: 380 
The final paths are:
204, 202, 71, 73, 97, 30, 382, 380, (431)
204, 202, 71, 74, 415, 417, 419, 421, 405, 407, 384, 387, 380, (433)
Number of paths is 2
The residues that occur the most in the suboptimal paths are: 
30 1
71 2
73 1
74 1
97 1
202 2
204 2
380 2
382 1
384 1
387 1
405 1
407 1
415 1
417 1
419 1
421 1
The edges that occur the most in the suboptimal paths are:
71 202 2
202 204 2
