The shortest distance is here 245
The edge length offset is 4
Suboptimal paths will be no longer than 249
The sources are: 204 
The targets are: 411 
The final paths are:
204, 47, 72, 74, 415, 413, 411, (245)
204, 47, 72, 75, 77, 415, 413, 411, (248)
204, 47, 72, 74, 77, 415, 413, 411, (249)
204, 47, 72, 75, 78, 415, 413, 411, (246)
204, 47, 72, 74, 78, 415, 413, 411, (249)
Number of paths is 5
The residues that occur the most in the suboptimal paths are: 
47 5
72 5
74 3
204 5
411 5
413 5
415 5
The edges that occur the most in the suboptimal paths are:
47 72 5
47 204 5
411 413 5
413 415 5
