The shortest distance is here 429
The edge length offset is 4
Suboptimal paths will be no longer than 433
The sources are: 204 
The targets are: 383 
The final paths are:
204, 47, 65, 107, 97, 30, 383, (429)
204, 47, 65, 107, 97, 30, 27, 386, 383, (429)
204, 47, 65, 109, 96, 29, 27, 386, 383, (431)
204, 47, 49, 64, 108, 96, 29, 27, 386, 383, (432)
204, 47, 65, 109, 95, 29, 27, 386, 383, (432)
204, 47, 65, 73, 415, 413, 409, 383, (431)
204, 47, 69, 73, 415, 413, 409, 383, (433)
204, 47, 72, 74, 415, 413, 409, 383, (431)
204, 47, 65, 73, 77, 415, 413, 409, 383, (431)
204, 47, 69, 73, 77, 415, 413, 409, 383, (432)
Number of paths is 10
The residues that occur the most in the suboptimal paths are: 
47 10
65 6
204 10
383 10
409 5
413 5
415 5
The edges that occur the most in the suboptimal paths are:
47 204 10
