The shortest distance is here 2464
The edge length offset is 15
Suboptimal paths will be no longer than 2479
The sources are: 204 
The targets are: 384 
The final paths are:
204, 47, 72, 74, 412, 409, 27, 386, 384, (2464)
204, 47, 203, 72, 74, 412, 409, 27, 386, 384, (2464)
Number of paths is 2
The residues that occur the most in the suboptimal paths are: 
27 2
47 2
72 2
74 2
203 1
204 2
384 2
386 2
409 2
412 2
The edges that occur the most in the suboptimal paths are:
27 386 2
27 409 2
47 204 2
72 74 2
74 412 2
384 386 2
409 412 2
