The shortest distance is here 2923
The edge length offset is 15
Suboptimal paths will be no longer than 2938
The sources are: 204 
The targets are: 365 
The final paths are:
204, 47, 69, 73, 96, 29, 25, 369, 365, (2923)
204, 47, 65, 109, 93, 29, 25, 369, 365, (2930)
204, 47, 65, 109, 95, 29, 25, 369, 365, (2933)
Number of paths is 3
The residues that occur the most in the suboptimal paths are: 
25 3
29 3
47 3
65 2
109 2
204 3
365 3
369 3
The edges that occur the most in the suboptimal paths are:
25 29 3
25 369 3
47 204 3
365 369 3
