The shortest distance is here 366
The edge length offset is 4
Suboptimal paths will be no longer than 370
The sources are: 204 
The targets are: 380 
The final paths are:
204, 47, 72, 74, 415, 413, 410, 405, 407, 384, 387, 378, 380, (366)
204, 47, 72, 75, 77, 415, 413, 410, 405, 407, 384, 387, 378, 380, (369)
204, 47, 72, 74, 77, 415, 413, 410, 405, 407, 384, 387, 378, 380, (370)
204, 47, 72, 75, 78, 415, 413, 410, 405, 407, 384, 387, 378, 380, (367)
204, 47, 72, 74, 78, 415, 413, 410, 405, 407, 384, 387, 378, 380, (370)
204, 47, 72, 74, 415, 413, 411, 421, 405, 407, 384, 387, 378, 380, (368)
204, 47, 72, 75, 78, 415, 413, 411, 421, 405, 407, 384, 387, 378, 380, (369)
204, 47, 72, 74, 415, 413, 410, 405, 407, 385, 387, 378, 380, (367)
204, 47, 72, 75, 77, 415, 413, 410, 405, 407, 385, 387, 378, 380, (370)
204, 47, 72, 75, 78, 415, 413, 410, 405, 407, 385, 387, 378, 380, (368)
204, 47, 72, 74, 415, 413, 411, 421, 405, 407, 385, 387, 378, 380, (369)
204, 47, 72, 75, 78, 415, 413, 411, 421, 405, 407, 385, 387, 378, 380, (370)
204, 47, 72, 74, 415, 413, 410, 405, 407, 384, 382, 380, (370)
204, 47, 72, 74, 415, 413, 410, 405, 407, 384, 387, 380, (369)
204, 47, 72, 75, 78, 415, 413, 410, 405, 407, 384, 387, 380, (370)
204, 47, 72, 74, 415, 413, 410, 405, 407, 385, 387, 380, (370)
Number of paths is 16
The residues that occur the most in the suboptimal paths are: 
47 16
72 16
74 9
204 16
378 12
380 16
384 10
387 15
405 16
407 16
410 12
413 16
415 16
The edges that occur the most in the suboptimal paths are:
47 72 16
47 204 16
378 380 12
378 387 12
405 407 16
405 410 12
410 413 12
413 415 16
