The shortest distance is here 629
The edge length offset is 4
Suboptimal paths will be no longer than 633
The sources are: 204 
The targets are: 373 
The final paths are:
204, 202, 71, 74, 415, 413, 411, 421, 423, 403, 401, 428, 351, 373, (629)
204, 202, 71, 74, 415, 413, 409, 405, 403, 401, 428, 351, 373, (630)
204, 202, 71, 74, 415, 413, 410, 405, 403, 401, 428, 351, 373, (631)
204, 202, 71, 74, 415, 413, 411, 421, 405, 403, 401, 428, 351, 373, (631)
204, 202, 71, 74, 415, 413, 411, 421, 423, 403, 401, 399, 428, 351, 373, (631)
204, 202, 71, 74, 415, 413, 409, 405, 403, 401, 399, 428, 351, 373, (632)
204, 202, 71, 74, 415, 413, 410, 405, 403, 401, 399, 428, 351, 373, (633)
204, 202, 71, 74, 415, 413, 411, 421, 405, 403, 401, 399, 428, 351, 373, (633)
204, 202, 71, 74, 415, 413, 420, 422, 424, 426, 428, 351, 373, (630)
204, 202, 71, 74, 415, 413, 411, 421, 423, 402, 400, 334, 398, 429, 351, 373, (630)
204, 202, 71, 74, 415, 413, 411, 421, 423, 403, 401, 399, 397, 429, 351, 373, (633)
204, 202, 71, 74, 415, 413, 411, 421, 423, 403, 401, 399, 397, 430, 351, 373, (631)
204, 202, 71, 74, 415, 413, 409, 405, 403, 401, 399, 397, 430, 351, 373, (632)
204, 202, 71, 74, 415, 413, 410, 405, 403, 401, 399, 397, 430, 351, 373, (633)
204, 202, 71, 74, 415, 413, 411, 421, 405, 403, 401, 399, 397, 430, 351, 373, (633)
204, 202, 71, 74, 415, 413, 411, 421, 423, 403, 401, 428, 430, 351, 373, (633)
204, 202, 71, 74, 415, 413, 411, 421, 423, 403, 401, 399, 397, 430, 350, 373, (633)
Number of paths is 17
The residues that occur the most in the suboptimal paths are: 
71 17
74 17
202 17
204 17
351 16
373 17
399 10
401 15
403 15
405 9
411 10
413 17
415 17
421 10
428 10
The edges that occur the most in the suboptimal paths are:
71 74 17
71 202 17
74 415 17
202 204 17
351 373 16
401 403 15
413 415 17
