The shortest distance is here 508
The edge length offset is 4
Suboptimal paths will be no longer than 512
The sources are: 204 
The targets are: 374 
The final paths are:
204, 202, 71, 73, 97, 33, 31, 381, 376, 348, 374, (508)
204, 202, 71, 73, 108, 33, 31, 381, 376, 348, 374, (511)
Number of paths is 2
The residues that occur the most in the suboptimal paths are: 
31 2
33 2
71 2
73 2
97 1
108 1
202 2
204 2
348 2
374 2
376 2
381 2
The edges that occur the most in the suboptimal paths are:
31 33 2
31 381 2
71 73 2
71 202 2
202 204 2
348 374 2
348 376 2
376 381 2
