The shortest distance is here 633
The edge length offset is 4
Suboptimal paths will be no longer than 637
The sources are: 204 
The targets are: 374 
The final paths are:
204, 202, 71, 74, 415, 413, 411, 421, 423, 403, 401, 399, 397, 430, 350, 374, (633)
204, 202, 71, 74, 415, 413, 409, 405, 403, 401, 399, 397, 430, 350, 374, (634)
204, 202, 71, 74, 415, 413, 410, 405, 403, 401, 399, 397, 430, 350, 374, (635)
204, 202, 71, 74, 415, 413, 411, 421, 405, 403, 401, 399, 397, 430, 350, 374, (635)
204, 202, 71, 74, 415, 413, 411, 421, 423, 403, 401, 428, 430, 350, 374, (635)
204, 202, 71, 74, 415, 413, 409, 405, 403, 401, 428, 430, 350, 374, (636)
204, 202, 71, 74, 415, 413, 410, 405, 403, 401, 428, 430, 350, 374, (637)
204, 202, 71, 74, 415, 413, 411, 421, 405, 403, 401, 428, 430, 350, 374, (637)
204, 202, 71, 74, 415, 413, 411, 421, 423, 403, 401, 399, 428, 430, 350, 374, (637)
204, 202, 71, 74, 415, 413, 420, 422, 424, 426, 428, 430, 350, 374, (636)
Number of paths is 10
The residues that occur the most in the suboptimal paths are: 
71 10
74 10
202 10
204 10
350 10
374 10
399 5
401 9
403 9
405 6
411 5
413 10
415 10
421 5
428 6
430 10
The edges that occur the most in the suboptimal paths are:
71 74 10
71 202 10
74 415 10
202 204 10
350 374 10
350 430 10
401 403 9
413 415 10
