The shortest distance is here 3160
The edge length offset is 15
Suboptimal paths will be no longer than 3175
The sources are: 204 
The targets are: 424 
The final paths are:
204, 202, 71, 73, 415, 413, 418, 424, (3160)
204, 206, 164, 203, 72, 74, 415, 413, 418, 424, (3162)
204, 202, 71, 73, 415, 417, 357, 424, (3171)
204, 206, 164, 203, 72, 74, 415, 417, 357, 424, (3173)
Number of paths is 4
The residues that occur the most in the suboptimal paths are: 
71 2
72 2
73 2
74 2
164 2
202 2
203 2
204 4
206 2
357 2
413 2
415 4
417 2
418 2
424 4
The edges that occur the most in the suboptimal paths are:
71 73 2
71 202 2
72 74 2
72 203 2
73 415 2
74 415 2
164 203 2
164 206 2
202 204 2
204 206 2
357 417 2
357 424 2
413 415 2
413 418 2
415 417 2
418 424 2
