The shortest distance is here 325
The edge length offset is 4
Suboptimal paths will be no longer than 329
The sources are: 204 
The targets are: 386 
The final paths are:
204, 47, 72, 74, 415, 413, 410, 405, 407, 384, 386, (325)
204, 47, 72, 75, 77, 415, 413, 410, 405, 407, 384, 386, (328)
204, 47, 72, 74, 77, 415, 413, 410, 405, 407, 384, 386, (329)
204, 47, 72, 75, 78, 415, 413, 410, 405, 407, 384, 386, (326)
204, 47, 72, 74, 78, 415, 413, 410, 405, 407, 384, 386, (329)
204, 47, 72, 74, 415, 413, 411, 421, 405, 407, 384, 386, (327)
204, 47, 72, 75, 78, 415, 413, 411, 421, 405, 407, 384, 386, (328)
204, 47, 72, 74, 415, 413, 409, 383, 386, (329)
204, 47, 72, 74, 415, 413, 410, 405, 407, 385, 388, 386, (327)
204, 47, 72, 75, 78, 415, 413, 410, 405, 407, 385, 388, 386, (328)
204, 47, 72, 74, 415, 413, 411, 421, 405, 407, 385, 388, 386, (329)
Number of paths is 11
The residues that occur the most in the suboptimal paths are: 
47 11
72 11
74 7
204 11
384 7
386 11
405 10
407 10
410 7
413 11
415 11
The edges that occur the most in the suboptimal paths are:
47 72 11
47 204 11
405 407 10
413 415 11
