The shortest distance is here 392
The edge length offset is 4
Suboptimal paths will be no longer than 396
The sources are: 204 
The targets are: 374 
The final paths are:
204, 202, 71, 73, 96, 29, 27, 373, 350, 374, (392)
Number of paths is 1
The residues that occur the most in the suboptimal paths are: 
27 1
29 1
71 1
73 1
96 1
202 1
204 1
350 1
373 1
374 1
The edges that occur the most in the suboptimal paths are:
27 29 1
27 373 1
29 96 1
71 73 1
71 202 1
73 96 1
202 204 1
350 373 1
350 374 1
