The shortest distance is here 358
The edge length offset is 4
Suboptimal paths will be no longer than 362
The sources are: 204 
The targets are: 412 
The final paths are:
204, 202, 71, 74, 412, (358)
204, 202, 71, 74, 78, 81, 414, 412, (358)
204, 202, 71, 75, 78, 81, 414, 412, (360)
204, 202, 71, 74, 77, 81, 414, 412, (359)
204, 202, 71, 73, 77, 81, 414, 412, (362)
Number of paths is 5
The residues that occur the most in the suboptimal paths are: 
71 5
74 3
81 4
202 5
204 5
412 5
414 4
The edges that occur the most in the suboptimal paths are:
71 202 5
81 414 4
202 204 5
412 414 4
