The shortest distance is here 370
The edge length offset is 4
Suboptimal paths will be no longer than 374
The sources are: 204 
The targets are: 369 
The final paths are:
204, 47, 72, 74, 415, 413, 410, 405, 403, 401, 399, 428, 353, 369, (370)
204, 47, 72, 74, 415, 413, 411, 421, 423, 402, 400, 334, 398, 429, 352, 366, 369, (373)
204, 47, 72, 75, 78, 415, 413, 411, 421, 423, 402, 400, 334, 398, 429, 352, 366, 369, (374)
204, 47, 72, 74, 415, 413, 410, 405, 403, 401, 399, 428, 353, 366, 369, (373)
204, 47, 72, 75, 78, 415, 413, 410, 405, 403, 401, 399, 428, 353, 366, 369, (374)
204, 47, 72, 74, 415, 413, 411, 421, 423, 403, 401, 399, 428, 353, 366, 369, (374)
204, 47, 72, 74, 415, 413, 410, 405, 403, 401, 399, 428, 353, 367, 369, (370)
204, 47, 72, 75, 77, 415, 413, 410, 405, 403, 401, 399, 428, 353, 367, 369, (373)
204, 47, 72, 74, 77, 415, 413, 410, 405, 403, 401, 399, 428, 353, 367, 369, (374)
204, 47, 72, 75, 78, 415, 413, 410, 405, 403, 401, 399, 428, 353, 367, 369, (371)
204, 47, 72, 74, 78, 415, 413, 410, 405, 403, 401, 399, 428, 353, 367, 369, (374)
204, 47, 72, 74, 415, 413, 411, 421, 405, 403, 401, 399, 428, 353, 367, 369, (372)
204, 47, 72, 75, 78, 415, 413, 411, 421, 405, 403, 401, 399, 428, 353, 367, 369, (373)
204, 47, 72, 74, 415, 413, 411, 421, 423, 403, 401, 399, 428, 353, 367, 369, (371)
204, 47, 72, 75, 77, 415, 413, 411, 421, 423, 403, 401, 399, 428, 353, 367, 369, (374)
204, 47, 72, 75, 78, 415, 413, 411, 421, 423, 403, 401, 399, 428, 353, 367, 369, (372)
204, 47, 72, 74, 415, 413, 411, 421, 423, 425, 401, 399, 428, 353, 367, 369, (373)
204, 47, 72, 75, 78, 415, 413, 411, 421, 423, 425, 401, 399, 428, 353, 367, 369, (374)
204, 47, 72, 74, 415, 413, 410, 405, 403, 401, 428, 353, 367, 369, (374)
204, 47, 72, 74, 415, 413, 410, 405, 403, 401, 426, 428, 353, 367, 369, (374)
204, 47, 72, 74, 415, 413, 420, 422, 424, 426, 428, 353, 367, 369, (374)
204, 47, 72, 74, 415, 413, 410, 405, 403, 401, 399, 427, 353, 367, 369, (374)
204, 47, 72, 74, 415, 413, 410, 405, 403, 401, 399, 427, 354, 367, 369, (370)
204, 47, 72, 75, 77, 415, 413, 410, 405, 403, 401, 399, 427, 354, 367, 369, (373)
204, 47, 72, 74, 77, 415, 413, 410, 405, 403, 401, 399, 427, 354, 367, 369, (374)
204, 47, 72, 75, 78, 415, 413, 410, 405, 403, 401, 399, 427, 354, 367, 369, (371)
204, 47, 72, 74, 78, 415, 413, 410, 405, 403, 401, 399, 427, 354, 367, 369, (374)
204, 47, 72, 74, 415, 413, 411, 421, 405, 403, 401, 399, 427, 354, 367, 369, (372)
204, 47, 72, 75, 78, 415, 413, 411, 421, 405, 403, 401, 399, 427, 354, 367, 369, (373)
204, 47, 72, 74, 415, 413, 411, 421, 423, 403, 401, 399, 427, 354, 367, 369, (371)
204, 47, 72, 75, 77, 415, 413, 411, 421, 423, 403, 401, 399, 427, 354, 367, 369, (374)
204, 47, 72, 75, 78, 415, 413, 411, 421, 423, 403, 401, 399, 427, 354, 367, 369, (372)
204, 47, 72, 74, 415, 413, 411, 421, 423, 425, 401, 399, 427, 354, 367, 369, (373)
204, 47, 72, 75, 78, 415, 413, 411, 421, 423, 425, 401, 399, 427, 354, 367, 369, (374)
204, 47, 72, 74, 415, 413, 410, 405, 403, 401, 426, 354, 367, 369, (372)
204, 47, 72, 75, 78, 415, 413, 410, 405, 403, 401, 426, 354, 367, 369, (373)
204, 47, 72, 74, 415, 413, 411, 421, 405, 403, 401, 426, 354, 367, 369, (374)
204, 47, 72, 74, 415, 413, 411, 421, 423, 403, 401, 426, 354, 367, 369, (373)
204, 47, 72, 75, 78, 415, 413, 411, 421, 423, 403, 401, 426, 354, 367, 369, (374)
204, 47, 72, 74, 415, 413, 411, 421, 423, 402, 400, 426, 354, 367, 369, (374)
204, 47, 72, 74, 415, 413, 420, 422, 424, 426, 354, 367, 369, (372)
204, 47, 72, 75, 78, 415, 413, 420, 422, 424, 426, 354, 367, 369, (373)
204, 47, 72, 74, 415, 413, 411, 421, 423, 402, 400, 334, 398, 429, 367, 369, (370)
204, 47, 72, 75, 77, 415, 413, 411, 421, 423, 402, 400, 334, 398, 429, 367, 369, (373)
204, 47, 72, 74, 77, 415, 413, 411, 421, 423, 402, 400, 334, 398, 429, 367, 369, (374)
204, 47, 72, 75, 78, 415, 413, 411, 421, 423, 402, 400, 334, 398, 429, 367, 369, (371)
204, 47, 72, 74, 78, 415, 413, 411, 421, 423, 402, 400, 334, 398, 429, 367, 369, (374)
204, 47, 72, 74, 415, 413, 411, 421, 423, 425, 400, 334, 398, 429, 367, 369, (372)
204, 47, 72, 75, 78, 415, 413, 411, 421, 423, 425, 400, 334, 398, 429, 367, 369, (373)
204, 47, 72, 74, 415, 413, 410, 405, 403, 401, 399, 397, 429, 367, 369, (373)
204, 47, 72, 75, 78, 415, 413, 410, 405, 403, 401, 399, 397, 429, 367, 369, (374)
204, 47, 72, 74, 415, 413, 411, 421, 423, 403, 401, 399, 397, 429, 367, 369, (374)
Number of paths is 52
The residues that occur the most in the suboptimal paths are: 
47 52
72 52
74 31
204 52
367 46
369 52
399 32
401 39
403 35
411 29
413 52
415 52
421 29
The edges that occur the most in the suboptimal paths are:
47 72 52
47 204 52
367 369 46
413 415 52
