The shortest distance is here 3322
The edge length offset is 15
Suboptimal paths will be no longer than 3337
The sources are: 204 
The targets are: 368 
The final paths are:
204, 47, 69, 73, 96, 29, 25, 369, 365, 368, (3322)
204, 47, 65, 109, 93, 29, 25, 369, 365, 368, (3329)
204, 47, 65, 109, 95, 29, 25, 369, 365, 368, (3332)
204, 47, 69, 73, 96, 29, 25, 369, 366, 368, (3336)
Number of paths is 4
The residues that occur the most in the suboptimal paths are: 
25 4
29 4
47 4
65 2
69 2
73 2
96 2
109 2
204 4
365 3
368 4
369 4
The edges that occur the most in the suboptimal paths are:
25 29 4
25 369 4
47 204 4
365 368 3
365 369 3
