The shortest distance is here 3272
The edge length offset is 15
Suboptimal paths will be no longer than 3287
The sources are: 204 
The targets are: 374 
The final paths are:
204, 47, 49, 62, 36, 32, 28, 373, 350, 374, (3272)
Number of paths is 1
The residues that occur the most in the suboptimal paths are: 
28 1
32 1
36 1
47 1
49 1
62 1
204 1
350 1
373 1
374 1
The edges that occur the most in the suboptimal paths are:
28 32 1
28 373 1
32 36 1
36 62 1
47 49 1
47 204 1
49 62 1
350 373 1
350 374 1
