The shortest distance is here 484
The edge length offset is 4
Suboptimal paths will be no longer than 488
The sources are: 204 
The targets are: 386 
The final paths are:
204, 202, 71, 74, 415, 413, 409, 383, 386, (484)
204, 202, 71, 74, 415, 413, 411, 421, 423, 403, 386, (484)
Number of paths is 2
The residues that occur the most in the suboptimal paths are: 
71 2
74 2
202 2
204 2
383 1
386 2
403 1
409 1
411 1
413 2
415 2
421 1
423 1
The edges that occur the most in the suboptimal paths are:
71 74 2
71 202 2
74 415 2
202 204 2
413 415 2
