The shortest distance is here 393
The edge length offset is 4
Suboptimal paths will be no longer than 397
The sources are: 204 
The targets are: 426 
The final paths are:
204, 47, 65, 107, 97, 30, 27, 426, (393)
204, 47, 65, 109, 96, 29, 27, 426, (395)
204, 47, 49, 64, 108, 96, 29, 27, 426, (396)
204, 47, 65, 109, 95, 29, 27, 426, (396)
Number of paths is 4
The residues that occur the most in the suboptimal paths are: 
27 4
29 3
47 4
65 3
96 2
109 2
204 4
426 4
The edges that occur the most in the suboptimal paths are:
27 29 3
27 426 4
47 65 3
47 204 4
