The shortest distance is here 3888
The edge length offset is 15
Suboptimal paths will be no longer than 3903
The sources are: 204 
The targets are: 374 
The final paths are:
204, 202, 71, 73, 97, 30, 382, 373, 349, 374, (3888)
Number of paths is 1
The residues that occur the most in the suboptimal paths are: 
30 1
71 1
73 1
97 1
202 1
204 1
349 1
373 1
374 1
382 1
The edges that occur the most in the suboptimal paths are:
30 97 1
30 382 1
71 73 1
71 202 1
73 97 1
202 204 1
349 373 1
349 374 1
373 382 1
