The shortest distance is here 297
The edge length offset is 4
Suboptimal paths will be no longer than 301
The sources are: 204 
The targets are: 383 
The final paths are:
204, 47, 72, 74, 415, 413, 409, 383, (297)
204, 47, 72, 75, 77, 415, 413, 409, 383, (300)
204, 47, 72, 74, 77, 415, 413, 409, 383, (301)
204, 47, 72, 75, 78, 415, 413, 409, 383, (298)
204, 47, 72, 74, 78, 415, 413, 409, 383, (301)
Number of paths is 5
The residues that occur the most in the suboptimal paths are: 
47 5
72 5
74 3
204 5
383 5
409 5
413 5
415 5
The edges that occur the most in the suboptimal paths are:
47 72 5
47 204 5
383 409 5
409 413 5
413 415 5
