The shortest distance is here 371
The edge length offset is 4
Suboptimal paths will be no longer than 375
The sources are: 204 
The targets are: 420 
The final paths are:
204, 47, 72, 75, 78, 416, 418, 420, (371)
204, 47, 65, 73, 75, 78, 416, 418, 420, (375)
204, 47, 72, 74, 78, 416, 418, 420, (373)
204, 47, 72, 76, 78, 416, 418, 420, (375)
Number of paths is 4
The residues that occur the most in the suboptimal paths are: 
47 4
72 3
75 2
78 4
204 4
416 4
418 4
420 4
The edges that occur the most in the suboptimal paths are:
47 72 3
47 204 4
78 416 4
416 418 4
418 420 4
