The shortest distance is here 369
The edge length offset is 4
Suboptimal paths will be no longer than 373
The sources are: 204 
The targets are: 373 
The final paths are:
204, 47, 72, 74, 415, 413, 410, 405, 403, 401, 399, 397, 430, 351, 373, (369)
204, 47, 72, 75, 77, 415, 413, 410, 405, 403, 401, 399, 397, 430, 351, 373, (372)
204, 47, 72, 74, 77, 415, 413, 410, 405, 403, 401, 399, 397, 430, 351, 373, (373)
204, 47, 72, 75, 78, 415, 413, 410, 405, 403, 401, 399, 397, 430, 351, 373, (370)
204, 47, 72, 74, 78, 415, 413, 410, 405, 403, 401, 399, 397, 430, 351, 373, (373)
204, 47, 72, 74, 415, 413, 411, 421, 405, 403, 401, 399, 397, 430, 351, 373, (371)
204, 47, 72, 75, 78, 415, 413, 411, 421, 405, 403, 401, 399, 397, 430, 351, 373, (372)
204, 47, 72, 74, 415, 413, 411, 421, 423, 403, 401, 399, 397, 430, 351, 373, (370)
204, 47, 72, 75, 77, 415, 413, 411, 421, 423, 403, 401, 399, 397, 430, 351, 373, (373)
204, 47, 72, 75, 78, 415, 413, 411, 421, 423, 403, 401, 399, 397, 430, 351, 373, (371)
204, 47, 72, 74, 415, 413, 411, 421, 423, 425, 401, 399, 397, 430, 351, 373, (372)
204, 47, 72, 75, 78, 415, 413, 411, 421, 423, 425, 401, 399, 397, 430, 351, 373, (373)
204, 47, 72, 74, 415, 413, 411, 421, 423, 402, 400, 334, 398, 396, 430, 351, 373, (373)
204, 47, 72, 74, 415, 413, 411, 421, 423, 402, 400, 334, 398, 429, 351, 373, (370)
204, 47, 72, 75, 77, 415, 413, 411, 421, 423, 402, 400, 334, 398, 429, 351, 373, (373)
204, 47, 72, 75, 78, 415, 413, 411, 421, 423, 402, 400, 334, 398, 429, 351, 373, (371)
204, 47, 72, 74, 415, 413, 411, 421, 423, 425, 400, 334, 398, 429, 351, 373, (372)
204, 47, 72, 75, 78, 415, 413, 411, 421, 423, 425, 400, 334, 398, 429, 351, 373, (373)
204, 47, 72, 74, 415, 413, 410, 405, 403, 401, 399, 397, 429, 351, 373, (373)
204, 47, 72, 74, 415, 413, 411, 421, 423, 402, 400, 334, 398, 429, 350, 373, (370)
204, 47, 72, 74, 415, 413, 410, 405, 403, 401, 399, 397, 430, 350, 373, (372)
204, 47, 72, 75, 78, 415, 413, 410, 405, 403, 401, 399, 397, 430, 350, 373, (373)
204, 47, 72, 74, 415, 413, 411, 421, 423, 403, 401, 399, 397, 430, 350, 373, (373)
204, 47, 72, 74, 415, 413, 411, 421, 423, 402, 400, 334, 398, 429, 431, 350, 373, (370)
204, 47, 72, 75, 77, 415, 413, 411, 421, 423, 402, 400, 334, 398, 429, 431, 350, 373, (373)
204, 47, 72, 75, 78, 415, 413, 411, 421, 423, 402, 400, 334, 398, 429, 431, 350, 373, (371)
204, 47, 72, 74, 415, 413, 411, 421, 423, 425, 400, 334, 398, 429, 431, 350, 373, (372)
204, 47, 72, 75, 78, 415, 413, 411, 421, 423, 425, 400, 334, 398, 429, 431, 350, 373, (373)
204, 47, 72, 74, 415, 413, 410, 405, 403, 401, 399, 397, 429, 431, 350, 373, (373)
204, 47, 72, 74, 415, 413, 410, 405, 403, 401, 399, 397, 430, 432, 350, 373, (371)
204, 47, 72, 75, 78, 415, 413, 410, 405, 403, 401, 399, 397, 430, 432, 350, 373, (372)
204, 47, 72, 74, 415, 413, 411, 421, 405, 403, 401, 399, 397, 430, 432, 350, 373, (373)
204, 47, 72, 74, 415, 413, 411, 421, 423, 403, 401, 399, 397, 430, 432, 350, 373, (372)
204, 47, 72, 75, 78, 415, 413, 411, 421, 423, 403, 401, 399, 397, 430, 432, 350, 373, (373)
Number of paths is 34
The residues that occur the most in the suboptimal paths are: 
47 34
72 34
74 19
204 34
351 19
373 34
397 22
399 22
401 22
403 20
411 23
413 34
415 34
421 23
423 20
430 21
The edges that occur the most in the suboptimal paths are:
47 72 34
47 204 34
413 415 34
