The shortest distance is here 2465
The edge length offset is 15
Suboptimal paths will be no longer than 2480
The sources are: 204 
The targets are: 412 
The final paths are:
204, 202, 71, 73, 96, 414, 412, (2465)
204, 206, 164, 203, 47, 65, 106, 98, 412, (2466)
Number of paths is 2
The residues that occur the most in the suboptimal paths are: 
47 1
65 1
71 1
73 1
96 1
98 1
106 1
164 1
202 1
203 1
204 2
206 1
412 2
414 1
The edges that occur the most in the suboptimal paths are:
47 65 1
47 203 1
65 106 1
71 73 1
71 202 1
73 96 1
96 414 1
98 106 1
98 412 1
164 203 1
164 206 1
202 204 1
204 206 1
412 414 1
