The shortest distance is here 237
The edge length offset is 4
Suboptimal paths will be no longer than 241
The sources are: 204 
The targets are: 412 
The final paths are:
204, 47, 72, 75, 78, 81, 414, 412, (237)
204, 47, 72, 74, 78, 81, 414, 412, (240)
204, 47, 72, 75, 77, 81, 414, 412, (240)
204, 47, 72, 74, 77, 81, 414, 412, (241)
Number of paths is 4
The residues that occur the most in the suboptimal paths are: 
47 4
72 4
74 2
75 2
77 2
78 2
81 4
204 4
412 4
414 4
The edges that occur the most in the suboptimal paths are:
47 72 4
47 204 4
81 414 4
412 414 4
