The shortest distance is here 578
The edge length offset is 4
Suboptimal paths will be no longer than 582
The sources are: 204 
The targets are: 353 
The final paths are:
204, 202, 71, 74, 415, 413, 420, 422, 424, 426, 353, (578)
Number of paths is 1
The residues that occur the most in the suboptimal paths are: 
71 1
74 1
202 1
204 1
353 1
413 1
415 1
420 1
422 1
424 1
426 1
The edges that occur the most in the suboptimal paths are:
71 74 1
71 202 1
74 415 1
202 204 1
353 426 1
413 415 1
413 420 1
420 422 1
422 424 1
424 426 1
