The shortest distance is here 414
The edge length offset is 4
Suboptimal paths will be no longer than 418
The sources are: 204 
The targets are: 365 
The final paths are:
204, 47, 65, 109, 96, 29, 25, 369, 365, (414)
204, 47, 49, 63, 109, 96, 29, 25, 369, 365, (417)
204, 47, 49, 64, 108, 96, 29, 25, 369, 365, (415)
204, 47, 65, 109, 95, 29, 25, 369, 365, (415)
204, 47, 49, 63, 109, 95, 29, 25, 369, 365, (418)
Number of paths is 5
The residues that occur the most in the suboptimal paths are: 
25 5
29 5
47 5
49 3
96 3
109 4
204 5
365 5
369 5
The edges that occur the most in the suboptimal paths are:
25 29 5
25 369 5
47 204 5
365 369 5
