The shortest distance is here 436
The edge length offset is 4
Suboptimal paths will be no longer than 440
The sources are: 204 
The targets are: 384 
The final paths are:
204, 202, 200, 71, 74, 415, 413, 410, 405, 407, 384, (436)
204, 202, 200, 71, 74, 415, 413, 409, 405, 407, 384, (440)
Number of paths is 2
The residues that occur the most in the suboptimal paths are: 
71 2
74 2
200 2
202 2
204 2
384 2
405 2
407 2
409 1
410 1
413 2
415 2
The edges that occur the most in the suboptimal paths are:
71 74 2
71 200 2
74 415 2
200 202 2
202 204 2
384 407 2
405 407 2
413 415 2
