The shortest distance is here 355
The edge length offset is 4
Suboptimal paths will be no longer than 359
The sources are: 204 
The targets are: 424 
The final paths are:
204, 202, 71, 74, 415, 413, 419, 422, 424, (355)
204, 202, 71, 74, 415, 417, 419, 422, 424, (355)
Number of paths is 2
The residues that occur the most in the suboptimal paths are: 
71 2
74 2
202 2
204 2
413 1
415 2
417 1
419 2
422 2
424 2
The edges that occur the most in the suboptimal paths are:
71 74 2
71 202 2
74 415 2
202 204 2
419 422 2
422 424 2
