The shortest distance is here 419
The edge length offset is 4
Suboptimal paths will be no longer than 423
The sources are: 204 
The targets are: 353 
The final paths are:
204, 202, 71, 74, 415, 413, 411, 421, 423, 402, 400, 334, 398, 428, 353, (419)
204, 202, 71, 74, 415, 413, 411, 421, 423, 425, 400, 334, 398, 428, 353, (422)
204, 202, 71, 74, 415, 413, 411, 421, 423, 403, 401, 399, 428, 353, (419)
204, 202, 71, 74, 415, 413, 411, 421, 423, 425, 401, 399, 428, 353, (419)
204, 202, 71, 74, 415, 413, 411, 421, 423, 402, 400, 332, 399, 428, 353, (423)
204, 202, 71, 74, 415, 413, 411, 421, 423, 402, 400, 334, 399, 428, 353, (420)
204, 202, 71, 74, 415, 413, 411, 421, 423, 425, 400, 334, 399, 428, 353, (423)
204, 202, 71, 74, 415, 413, 411, 421, 423, 403, 401, 428, 353, (421)
204, 202, 71, 74, 415, 413, 411, 421, 423, 425, 401, 428, 353, (421)
204, 202, 71, 74, 415, 413, 411, 421, 423, 402, 400, 426, 353, (423)
204, 202, 71, 74, 415, 413, 411, 421, 423, 403, 401, 399, 427, 353, (423)
204, 202, 71, 74, 415, 413, 411, 421, 423, 425, 401, 399, 427, 353, (423)
Number of paths is 12
The residues that occur the most in the suboptimal paths are: 
71 12
74 12
202 12
204 12
353 12
399 7
400 6
401 6
411 12
413 12
415 12
421 12
423 12
428 9
The edges that occur the most in the suboptimal paths are:
71 74 12
71 202 12
74 415 12
202 204 12
353 428 9
411 413 12
411 421 12
413 415 12
421 423 12
