The shortest distance is here 402
The edge length offset is 4
Suboptimal paths will be no longer than 406
The sources are: 204 
The targets are: 364 
The final paths are:
204, 202, 200, 71, 74, 78, 81, 26, 364, (402)
204, 202, 200, 71, 73, 96, 29, 25, 364, (403)
Number of paths is 2
The residues that occur the most in the suboptimal paths are: 
25 1
26 1
29 1
71 2
73 1
74 1
78 1
81 1
96 1
200 2
202 2
204 2
364 2
The edges that occur the most in the suboptimal paths are:
71 200 2
200 202 2
202 204 2
