The shortest distance is here 2974
The edge length offset is 15
Suboptimal paths will be no longer than 2989
The sources are: 204 
The targets are: 382 
The final paths are:
204, 206, 164, 203, 47, 69, 73, 98, 30, 380, 382, (2974)
Number of paths is 1
The residues that occur the most in the suboptimal paths are: 
30 1
47 1
69 1
73 1
98 1
164 1
203 1
204 1
206 1
380 1
382 1
The edges that occur the most in the suboptimal paths are:
30 98 1
30 380 1
47 69 1
47 203 1
69 73 1
73 98 1
164 203 1
164 206 1
204 206 1
380 382 1
