The shortest distance is here 3181
The edge length offset is 15
Suboptimal paths will be no longer than 3196
The sources are: 204 
The targets are: 369 
The final paths are:
204, 206, 164, 203, 47, 69, 73, 96, 29, 25, 369, (3181)
Number of paths is 1
The residues that occur the most in the suboptimal paths are: 
25 1
29 1
47 1
69 1
73 1
96 1
164 1
203 1
204 1
206 1
369 1
The edges that occur the most in the suboptimal paths are:
25 29 1
25 369 1
29 96 1
47 69 1
47 203 1
69 73 1
73 96 1
164 203 1
164 206 1
204 206 1
