The shortest distance is here 2995
The edge length offset is 15
Suboptimal paths will be no longer than 3010
The sources are: 204 
The targets are: 373 
The final paths are:
204, 206, 164, 203, 47, 69, 73, 97, 30, 382, 373, (2995)
204, 206, 164, 203, 47, 65, 106, 98, 30, 382, 373, (2997)
Number of paths is 2
The residues that occur the most in the suboptimal paths are: 
30 2
47 2
65 1
69 1
73 1
97 1
98 1
106 1
164 2
203 2
204 2
206 2
373 2
382 2
The edges that occur the most in the suboptimal paths are:
30 382 2
47 203 2
164 203 2
164 206 2
204 206 2
373 382 2
