The shortest distance is here 430
The edge length offset is 4
Suboptimal paths will be no longer than 434
The sources are: 204 
The targets are: 365 
The final paths are:
204, 202, 71, 73, 97, 29, 25, 369, 365, (430)
204, 202, 71, 73, 96, 29, 25, 369, 365, (433)
Number of paths is 2
The residues that occur the most in the suboptimal paths are: 
25 2
29 2
71 2
73 2
96 1
97 1
202 2
204 2
365 2
369 2
The edges that occur the most in the suboptimal paths are:
25 29 2
25 369 2
71 73 2
71 202 2
202 204 2
365 369 2
