The shortest distance is here 3236
The edge length offset is 15
Suboptimal paths will be no longer than 3251
The sources are: 204 
The targets are: 371 
The final paths are:
204, 202, 71, 73, 97, 30, 27, 373, 371, (3236)
204, 202, 71, 73, 96, 29, 27, 373, 371, (3251)
Number of paths is 2
The residues that occur the most in the suboptimal paths are: 
27 2
29 1
30 1
71 2
73 2
96 1
97 1
202 2
204 2
371 2
373 2
The edges that occur the most in the suboptimal paths are:
27 373 2
71 73 2
71 202 2
202 204 2
371 373 2
