The shortest distance is here 396
The edge length offset is 4
Suboptimal paths will be no longer than 400
The sources are: 204 
The targets are: 424 
The final paths are:
204, 202, 200, 71, 74, 415, 413, 419, 422, 424, (396)
Number of paths is 1
The residues that occur the most in the suboptimal paths are: 
71 1
74 1
200 1
202 1
204 1
413 1
415 1
419 1
422 1
424 1
The edges that occur the most in the suboptimal paths are:
71 74 1
71 200 1
74 415 1
200 202 1
202 204 1
413 415 1
413 419 1
419 422 1
422 424 1
