The shortest distance is here 3099
The edge length offset is 15
Suboptimal paths will be no longer than 3114
The sources are: 204 
The targets are: 376 
The final paths are:
204, 206, 164, 203, 47, 49, 62, 36, 34, 379, 376, (3099)
204, 206, 164, 203, 47, 69, 73, 97, 30, 381, 376, (3113)
Number of paths is 2
The residues that occur the most in the suboptimal paths are: 
30 1
34 1
36 1
47 2
49 1
62 1
69 1
73 1
97 1
164 2
203 2
204 2
206 2
376 2
379 1
381 1
The edges that occur the most in the suboptimal paths are:
47 203 2
164 203 2
164 206 2
204 206 2
