The shortest distance is here 494
The edge length offset is 4
Suboptimal paths will be no longer than 498
The sources are: 204 
The targets are: 375 
The final paths are:
204, 206, 164, 162, 186, 75, 78, 415, 417, 419, 421, 405, 407, 384, 387, 377, 375, (494)
204, 206, 164, 162, 186, 75, 78, 415, 417, 419, 422, 405, 407, 384, 387, 377, 375, (497)
204, 206, 164, 162, 186, 75, 78, 415, 417, 419, 421, 405, 407, 385, 387, 377, 375, (494)
204, 206, 164, 162, 186, 75, 78, 415, 417, 419, 422, 405, 407, 385, 387, 377, 375, (497)
204, 206, 164, 162, 186, 75, 78, 415, 417, 419, 421, 405, 407, 384, 382, 375, (498)
Number of paths is 5
The residues that occur the most in the suboptimal paths are: 
75 5
78 5
162 5
164 5
186 5
204 5
206 5
375 5
377 4
384 3
387 4
405 5
407 5
415 5
417 5
419 5
421 3
The edges that occur the most in the suboptimal paths are:
75 78 5
75 186 5
78 415 5
162 164 5
162 186 5
164 206 5
204 206 5
375 377 4
377 387 4
405 407 5
415 417 5
417 419 5
