The shortest distance is here 386
The edge length offset is 4
Suboptimal paths will be no longer than 390
The sources are: 204 
The targets are: 375 
The final paths are:
204, 202, 71, 73, 97, 30, 381, 379, 377, 375, (386)
204, 202, 71, 73, 97, 30, 381, 376, 348, 375, (389)
Number of paths is 2
The residues that occur the most in the suboptimal paths are: 
30 2
71 2
73 2
97 2
202 2
204 2
348 1
375 2
376 1
377 1
379 1
381 2
The edges that occur the most in the suboptimal paths are:
30 97 2
30 381 2
71 73 2
71 202 2
73 97 2
202 204 2
