The shortest distance is here 2642
The edge length offset is 15
Suboptimal paths will be no longer than 2657
The sources are: 204 
The targets are: 363 
The final paths are:
204, 206, 164, 203, 47, 72, 74, 415, 417, 363, (2642)
Number of paths is 1
The residues that occur the most in the suboptimal paths are: 
47 1
72 1
74 1
164 1
203 1
204 1
206 1
363 1
415 1
417 1
The edges that occur the most in the suboptimal paths are:
47 72 1
47 203 1
72 74 1
74 415 1
164 203 1
164 206 1
204 206 1
363 417 1
415 417 1
