The shortest distance is here 3032
The edge length offset is 15
Suboptimal paths will be no longer than 3047
The sources are: 204 
The targets are: 424 
The final paths are:
204, 206, 164, 203, 47, 72, 74, 415, 417, 363, 424, (3032)
204, 206, 164, 203, 47, 72, 76, 78, 416, 418, 424, (3034)
204, 206, 164, 203, 47, 72, 74, 415, 413, 418, 424, (3045)
Number of paths is 3
The residues that occur the most in the suboptimal paths are: 
47 3
72 3
74 2
164 3
203 3
204 3
206 3
415 2
418 2
424 3
The edges that occur the most in the suboptimal paths are:
47 72 3
47 203 3
164 203 3
164 206 3
204 206 3
