The shortest distance is here 481
The edge length offset is 4
Suboptimal paths will be no longer than 485
The sources are: 204 
The targets are: 368 
The final paths are:
204, 202, 200, 71, 74, 415, 417, 363, 356, 354, 365, 368, (481)
204, 202, 200, 71, 74, 415, 417, 363, 356, 362, 368, (483)
Number of paths is 2
The residues that occur the most in the suboptimal paths are: 
71 2
74 2
200 2
202 2
204 2
354 1
356 2
362 1
363 2
365 1
368 2
415 2
417 2
The edges that occur the most in the suboptimal paths are:
71 74 2
71 200 2
74 415 2
200 202 2
202 204 2
356 363 2
363 417 2
415 417 2
