The shortest distance is here 3136
The edge length offset is 15
Suboptimal paths will be no longer than 3151
The sources are: 204 
The targets are: 386 
The final paths are:
204, 206, 164, 203, 47, 69, 73, 96, 29, 27, 386, (3136)
204, 206, 164, 203, 47, 65, 109, 93, 29, 27, 386, (3139)
Number of paths is 2
The residues that occur the most in the suboptimal paths are: 
27 2
29 2
47 2
65 1
69 1
73 1
93 1
96 1
109 1
164 2
203 2
204 2
206 2
386 2
The edges that occur the most in the suboptimal paths are:
27 29 2
27 386 2
47 203 2
164 203 2
164 206 2
204 206 2
