The shortest distance is here 439
The edge length offset is 4
Suboptimal paths will be no longer than 443
The sources are: 204 
The targets are: 374 
The final paths are:
204, 202, 200, 71, 73, 96, 29, 31, 373, 350, 374, (439)
Number of paths is 1
The residues that occur the most in the suboptimal paths are: 
29 1
31 1
71 1
73 1
96 1
200 1
202 1
204 1
350 1
373 1
374 1
The edges that occur the most in the suboptimal paths are:
29 31 1
29 96 1
31 373 1
71 73 1
71 200 1
73 96 1
200 202 1
202 204 1
350 373 1
350 374 1
