The shortest distance is here 512
The edge length offset is 4
Suboptimal paths will be no longer than 516
The sources are: 204 
The targets are: 374 
The final paths are:
204, 206, 164, 162, 186, 75, 78, 415, 417, 419, 421, 405, 407, 384, 387, 376, 348, 374, (512)
204, 206, 164, 162, 186, 75, 78, 415, 417, 419, 422, 405, 407, 384, 387, 376, 348, 374, (515)
204, 206, 164, 162, 186, 75, 78, 415, 417, 419, 421, 405, 407, 385, 387, 376, 348, 374, (512)
204, 206, 164, 162, 186, 75, 78, 415, 417, 419, 422, 405, 407, 385, 387, 376, 348, 374, (515)
204, 206, 164, 162, 186, 75, 78, 415, 417, 419, 421, 405, 407, 384, 387, 377, 349, 374, (516)
204, 206, 164, 162, 186, 75, 78, 415, 417, 419, 421, 405, 407, 385, 387, 377, 349, 374, (516)
Number of paths is 6
The residues that occur the most in the suboptimal paths are: 
75 6
78 6
162 6
164 6
186 6
204 6
206 6
348 4
374 6
376 4
384 3
385 3
387 6
405 6
407 6
415 6
417 6
419 6
421 4
The edges that occur the most in the suboptimal paths are:
75 78 6
75 186 6
78 415 6
162 164 6
162 186 6
164 206 6
204 206 6
405 407 6
415 417 6
417 419 6
