The shortest distance is here 361
The edge length offset is 4
Suboptimal paths will be no longer than 365
The sources are: 204 
The targets are: 424 
The final paths are:
204, 202, 200, 71, 74, 415, 417, 419, 422, 424, (361)
204, 202, 200, 71, 74, 415, 413, 420, 422, 424, (363)
Number of paths is 2
The residues that occur the most in the suboptimal paths are: 
71 2
74 2
200 2
202 2
204 2
413 1
415 2
417 1
419 1
420 1
422 2
424 2
The edges that occur the most in the suboptimal paths are:
71 74 2
71 200 2
74 415 2
200 202 2
202 204 2
422 424 2
