The shortest distance is here 2634
The edge length offset is 15
Suboptimal paths will be no longer than 2649
The sources are: 204 
The targets are: 380 
The final paths are:
204, 206, 164, 203, 47, 49, 62, 36, 34, 380, (2634)
Number of paths is 1
The residues that occur the most in the suboptimal paths are: 
34 1
36 1
47 1
49 1
62 1
164 1
203 1
204 1
206 1
380 1
The edges that occur the most in the suboptimal paths are:
34 36 1
34 380 1
36 62 1
47 49 1
47 203 1
49 62 1
164 203 1
164 206 1
204 206 1
