The shortest distance is here 508
The edge length offset is 4
Suboptimal paths will be no longer than 512
The sources are: 204 
The targets are: 374 
The final paths are:
204, 202, 200, 71, 74, 415, 413, 411, 421, 423, 425, 427, 429, 350, 374, (508)
204, 202, 200, 71, 74, 415, 413, 411, 421, 423, 425, 427, 429, 431, 350, 374, (508)
Number of paths is 2
The residues that occur the most in the suboptimal paths are: 
71 2
74 2
200 2
202 2
204 2
350 2
374 2
411 2
413 2
415 2
421 2
423 2
425 2
427 2
429 2
431 1
The edges that occur the most in the suboptimal paths are:
71 74 2
71 200 2
74 415 2
200 202 2
202 204 2
350 374 2
411 413 2
411 421 2
413 415 2
421 423 2
423 425 2
425 427 2
427 429 2
