The shortest distance is here 521
The edge length offset is 4
Suboptimal paths will be no longer than 525
The sources are: 204 
The targets are: 368 
The final paths are:
204, 206, 164, 162, 181, 91, 93, 23, 25, 369, 366, 368, (521)
204, 206, 164, 162, 160, 83, 22, 16, 18, 369, 366, 368, (525)
204, 206, 164, 162, 186, 75, 78, 415, 417, 419, 422, 424, 426, 354, 365, 368, (524)
204, 206, 164, 162, 181, 91, 93, 23, 25, 369, 367, 370, 368, (523)
Number of paths is 4
The residues that occur the most in the suboptimal paths are: 
23 2
25 2
91 2
93 2
162 4
164 4
181 2
204 4
206 4
366 2
368 4
369 3
The edges that occur the most in the suboptimal paths are:
162 164 4
164 206 4
204 206 4
