The shortest distance is here 454
The edge length offset is 4
Suboptimal paths will be no longer than 458
The sources are: 204 
The targets are: 380 
The final paths are:
204, 202, 200, 71, 73, 97, 30, 382, 380, (454)
204, 202, 200, 71, 74, 415, 413, 409, 405, 407, 384, 382, 380, (458)
Number of paths is 2
The residues that occur the most in the suboptimal paths are: 
30 1
71 2
73 1
74 1
97 1
200 2
202 2
204 2
380 2
382 2
384 1
405 1
407 1
409 1
413 1
415 1
The edges that occur the most in the suboptimal paths are:
71 200 2
200 202 2
202 204 2
380 382 2
