The shortest distance is here 349
The edge length offset is 4
Suboptimal paths will be no longer than 353
The sources are: 204 
The targets are: 375 
The final paths are:
204, 47, 65, 107, 97, 33, 31, 381, 375, (349)
204, 47, 65, 107, 97, 30, 381, 375, (353)
Number of paths is 2
The residues that occur the most in the suboptimal paths are: 
30 1
31 1
33 1
47 2
65 2
97 2
107 2
204 2
375 2
381 2
The edges that occur the most in the suboptimal paths are:
47 65 2
47 204 2
65 107 2
97 107 2
375 381 2
