The shortest distance is here 2368
The edge length offset is 15
Suboptimal paths will be no longer than 2383
The sources are: 204 
The targets are: 384 
The final paths are:
204, 47, 69, 73, 412, 98, 409, 27, 386, 384, (2368)
Number of paths is 1
The residues that occur the most in the suboptimal paths are: 
27 1
47 1
69 1
73 1
98 1
204 1
384 1
386 1
409 1
412 1
The edges that occur the most in the suboptimal paths are:
27 386 1
27 409 1
47 69 1
47 204 1
69 73 1
73 412 1
98 409 1
98 412 1
384 386 1
