The shortest distance is here 391
The edge length offset is 4
Suboptimal paths will be no longer than 395
The sources are: 204 
The targets are: 375 
The final paths are:
204, 47, 65, 109, 96, 29, 27, 373, 375, (391)
204, 47, 65, 109, 95, 29, 27, 373, 375, (393)
204, 47, 65, 109, 96, 29, 27, 373, 350, 348, 375, (395)
204, 47, 65, 109, 96, 29, 27, 373, 349, 375, (395)
Number of paths is 4
The residues that occur the most in the suboptimal paths are: 
27 4
29 4
47 4
65 4
96 3
109 4
204 4
373 4
375 4
The edges that occur the most in the suboptimal paths are:
27 29 4
27 373 4
29 96 3
47 65 4
47 204 4
65 109 4
96 109 3
