The shortest distance is here 513
The edge length offset is 4
Suboptimal paths will be no longer than 517
The sources are: 204 
The targets are: 369 
The final paths are:
204, 202, 200, 198, 75, 77, 414, 418, 424, 426, 354, 365, 369, (513)
204, 202, 200, 198, 75, 77, 414, 418, 422, 424, 426, 354, 365, 369, (515)
204, 202, 200, 198, 75, 77, 414, 418, 424, 356, 354, 365, 369, (514)
204, 202, 200, 198, 75, 77, 414, 418, 422, 424, 356, 354, 365, 369, (516)
204, 202, 200, 198, 75, 77, 414, 418, 424, 426, 354, 367, 369, (515)
204, 202, 200, 198, 75, 77, 414, 418, 422, 424, 426, 354, 367, 369, (517)
204, 202, 200, 198, 75, 77, 414, 418, 424, 356, 354, 367, 369, (516)
Number of paths is 7
The residues that occur the most in the suboptimal paths are: 
75 7
77 7
198 7
200 7
202 7
204 7
354 7
365 4
369 7
414 7
418 7
424 7
426 4
The edges that occur the most in the suboptimal paths are:
75 77 7
75 198 7
77 414 7
198 200 7
200 202 7
202 204 7
414 418 7
