The shortest distance is here 375
The edge length offset is 4
Suboptimal paths will be no longer than 379
The sources are: 204 
The targets are: 369 
The final paths are:
204, 47, 65, 73, 415, 417, 363, 355, 364, 369, (375)
Number of paths is 1
The residues that occur the most in the suboptimal paths are: 
47 1
65 1
73 1
204 1
355 1
363 1
364 1
369 1
415 1
417 1
The edges that occur the most in the suboptimal paths are:
47 65 1
47 204 1
65 73 1
73 415 1
355 363 1
355 364 1
363 417 1
364 369 1
415 417 1
