The shortest distance is here 415
The edge length offset is 4
Suboptimal paths will be no longer than 419
The sources are: 204 
The targets are: 379 
The final paths are:
204, 47, 49, 64, 108, 33, 30, 381, 379, (415)
204, 47, 65, 107, 97, 30, 381, 379, (416)
204, 47, 49, 64, 108, 33, 31, 381, 379, (417)
Number of paths is 3
The residues that occur the most in the suboptimal paths are: 
30 2
33 2
47 3
49 2
64 2
108 2
204 3
379 3
381 3
The edges that occur the most in the suboptimal paths are:
47 204 3
379 381 3
