The shortest distance is here 480
The edge length offset is 4
Suboptimal paths will be no longer than 484
The sources are: 204 
The targets are: 384 
The final paths are:
204, 202, 200, 198, 75, 77, 414, 418, 422, 405, 407, 384, (480)
204, 202, 200, 198, 75, 77, 415, 413, 410, 405, 407, 384, (484)
Number of paths is 2
The residues that occur the most in the suboptimal paths are: 
75 2
77 2
198 2
200 2
202 2
204 2
384 2
405 2
407 2
410 1
413 1
414 1
415 1
418 1
422 1
The edges that occur the most in the suboptimal paths are:
75 77 2
75 198 2
198 200 2
200 202 2
202 204 2
384 407 2
405 407 2
