The shortest distance is here 1912
The edge length offset is 15
Suboptimal paths will be no longer than 1927
The sources are: 204 
The targets are: 416 
The final paths are:
204, 47, 203, 184, 76, 78, 416, (1912)
204, 47, 203, 182, 76, 78, 416, (1913)
204, 47, 203, 184, 75, 78, 416, (1919)
Number of paths is 3
The residues that occur the most in the suboptimal paths are: 
47 3
76 2
78 3
184 2
203 3
204 3
416 3
The edges that occur the most in the suboptimal paths are:
47 203 3
47 204 3
78 416 3
