The shortest distance is here 376
The edge length offset is 4
Suboptimal paths will be no longer than 380
The sources are: 204 
The targets are: 411 
The final paths are:
204, 202, 200, 198, 75, 77, 415, 413, 411, (376)
204, 202, 200, 198, 75, 78, 415, 413, 411, (379)
Number of paths is 2
The residues that occur the most in the suboptimal paths are: 
75 2
77 1
78 1
198 2
200 2
202 2
204 2
411 2
413 2
415 2
The edges that occur the most in the suboptimal paths are:
75 198 2
198 200 2
200 202 2
202 204 2
411 413 2
413 415 2
