The shortest distance is here 3054
The edge length offset is 15
Suboptimal paths will be no longer than 3069
The sources are: 204 
The targets are: 368 
The final paths are:
204, 47, 69, 73, 412, 409, 26, 364, 362, 368, (3054)
Number of paths is 1
The residues that occur the most in the suboptimal paths are: 
26 1
47 1
69 1
73 1
204 1
362 1
364 1
368 1
409 1
412 1
The edges that occur the most in the suboptimal paths are:
26 364 1
26 409 1
47 69 1
47 204 1
69 73 1
73 412 1
362 364 1
362 368 1
409 412 1
