The shortest distance is here 399
The edge length offset is 4
Suboptimal paths will be no longer than 403
The sources are: 204 
The targets are: 380 
The final paths are:
204, 47, 65, 109, 96, 29, 27, 382, 380, (399)
204, 47, 65, 109, 95, 29, 27, 382, 380, (401)
Number of paths is 2
The residues that occur the most in the suboptimal paths are: 
27 2
29 2
47 2
65 2
95 1
96 1
109 2
204 2
380 2
382 2
The edges that occur the most in the suboptimal paths are:
27 29 2
27 382 2
47 65 2
47 204 2
65 109 2
380 382 2
