The shortest distance is here 536
The edge length offset is 4
Suboptimal paths will be no longer than 540
The sources are: 204 
The targets are: 371 
The final paths are:
204, 202, 200, 198, 75, 77, 414, 418, 424, 426, 354, 365, 369, 371, (536)
204, 202, 200, 198, 75, 77, 414, 418, 422, 424, 426, 354, 365, 369, 371, (538)
204, 202, 200, 198, 75, 77, 414, 418, 424, 356, 354, 365, 369, 371, (537)
204, 202, 200, 198, 75, 77, 414, 418, 422, 424, 356, 354, 365, 369, 371, (539)
204, 202, 200, 198, 75, 77, 414, 418, 424, 426, 354, 367, 369, 371, (538)
204, 202, 200, 198, 75, 77, 414, 418, 422, 424, 426, 354, 367, 369, 371, (540)
204, 202, 200, 198, 75, 77, 414, 418, 424, 356, 354, 367, 369, 371, (539)
204, 202, 200, 198, 75, 77, 414, 418, 424, 426, 353, 366, 371, (539)
204, 202, 200, 198, 75, 77, 96, 29, 27, 373, 371, (536)
Number of paths is 9
The residues that occur the most in the suboptimal paths are: 
75 9
77 9
198 9
200 9
202 9
204 9
354 7
369 7
371 9
414 8
418 8
424 8
426 5
The edges that occur the most in the suboptimal paths are:
75 77 9
75 198 9
77 414 8
198 200 9
200 202 9
202 204 9
369 371 7
414 418 8
