The shortest distance is here 315
The edge length offset is 4
Suboptimal paths will be no longer than 319
The sources are: 204 
The targets are: 412 
The final paths are:
204, 47, 65, 73, 412, (315)
204, 47, 65, 73, 77, 414, 412, (315)
204, 47, 72, 74, 77, 414, 412, (316)
204, 47, 72, 75, 77, 414, 412, (317)
Number of paths is 4
The residues that occur the most in the suboptimal paths are: 
47 4
65 2
72 2
73 2
77 3
204 4
412 4
414 3
The edges that occur the most in the suboptimal paths are:
47 204 4
77 414 3
412 414 3
