The shortest distance is here 1984
The edge length offset is 15
Suboptimal paths will be no longer than 1999
The sources are: 204 
The targets are: 382 
The final paths are:
204, 47, 69, 73, 412, 98, 30, 382, (1984)
204, 47, 69, 73, 412, 98, 409, 30, 382, (1984)
204, 47, 69, 73, 412, 98, 409, 27, 382, (1999)
Number of paths is 3
The residues that occur the most in the suboptimal paths are: 
30 2
47 3
69 3
73 3
98 3
204 3
382 3
409 2
412 3
The edges that occur the most in the suboptimal paths are:
47 69 3
47 204 3
69 73 3
73 412 3
98 412 3
