The shortest distance is here 3281
The edge length offset is 15
Suboptimal paths will be no longer than 3296
The sources are: 204 
The targets are: 368 
The final paths are:
204, 47, 69, 73, 97, 30, 27, 353, 366, 368, (3281)
204, 47, 69, 73, 97, 30, 27, 353, 365, 368, (3291)
Number of paths is 2
The residues that occur the most in the suboptimal paths are: 
27 2
30 2
47 2
69 2
73 2
97 2
204 2
353 2
365 1
366 1
368 2
The edges that occur the most in the suboptimal paths are:
27 30 2
27 353 2
30 97 2
47 69 2
47 204 2
69 73 2
73 97 2
