The shortest distance is here 382
The edge length offset is 4
Suboptimal paths will be no longer than 386
The sources are: 204 
The targets are: 384 
The final paths are:
204, 47, 65, 73, 412, 410, 405, 407, 384, (382)
204, 47, 65, 73, 77, 414, 412, 410, 405, 407, 384, (382)
204, 47, 72, 74, 77, 414, 412, 410, 405, 407, 384, (383)
204, 47, 72, 75, 77, 414, 412, 410, 405, 407, 384, (384)
Number of paths is 4
The residues that occur the most in the suboptimal paths are: 
47 4
65 2
72 2
73 2
77 3
204 4
384 4
405 4
407 4
410 4
412 4
414 3
The edges that occur the most in the suboptimal paths are:
47 204 4
77 414 3
384 407 4
405 407 4
405 410 4
410 412 4
412 414 3
