The shortest distance is here 470
The edge length offset is 4
Suboptimal paths will be no longer than 474
The sources are: 204 
The targets are: 365 
The final paths are:
204, 47, 72, 74, 415, 413, 411, 421, 423, 425, 354, 365, (470)
204, 47, 72, 74, 415, 413, 420, 422, 424, 426, 354, 365, (474)
Number of paths is 2
The residues that occur the most in the suboptimal paths are: 
47 2
72 2
74 2
204 2
354 2
365 2
411 1
413 2
415 2
420 1
421 1
422 1
423 1
424 1
425 1
426 1
The edges that occur the most in the suboptimal paths are:
47 72 2
47 204 2
72 74 2
74 415 2
354 365 2
413 415 2
