The shortest distance is here 349
The edge length offset is 4
Suboptimal paths will be no longer than 353
The sources are: 204 
The targets are: 420 
The final paths are:
204, 47, 72, 75, 78, 416, 418, 420, (349)
204, 47, 72, 74, 78, 416, 418, 420, (353)
204, 47, 72, 76, 78, 416, 418, 420, (353)
204, 47, 65, 73, 412, 410, 420, (351)
204, 47, 65, 73, 77, 414, 412, 410, 420, (351)
204, 47, 72, 74, 77, 414, 412, 410, 420, (352)
204, 47, 72, 75, 77, 414, 412, 410, 420, (353)
Number of paths is 7
The residues that occur the most in the suboptimal paths are: 
47 7
72 5
204 7
410 4
412 4
420 7
The edges that occur the most in the suboptimal paths are:
47 204 7
