The shortest distance is here 2826
The edge length offset is 15
Suboptimal paths will be no longer than 2841
The sources are: 204 
The targets are: 376 
The final paths are:
204, 47, 69, 73, 97, 34, 380, 378, 376, (2826)
204, 47, 69, 73, 97, 34, 380, 387, 376, (2841)
Number of paths is 2
The residues that occur the most in the suboptimal paths are: 
34 2
47 2
69 2
73 2
97 2
204 2
376 2
378 1
380 2
387 1
The edges that occur the most in the suboptimal paths are:
34 97 2
34 380 2
47 69 2
47 204 2
69 73 2
73 97 2
