The shortest distance is here 414
The edge length offset is 4
Suboptimal paths will be no longer than 418
The sources are: 204 
The targets are: 364 
The final paths are:
204, 47, 72, 74, 415, 417, 419, 422, 424, 426, 355, 364, (414)
204, 47, 65, 73, 415, 417, 419, 422, 424, 426, 355, 364, (415)
204, 47, 72, 74, 415, 417, 419, 421, 423, 425, 355, 364, (416)
204, 47, 65, 73, 415, 417, 419, 421, 423, 425, 355, 364, (417)
204, 47, 65, 73, 412, 410, 421, 423, 425, 355, 364, (418)
204, 47, 65, 73, 77, 414, 412, 410, 421, 423, 425, 355, 364, (418)
204, 47, 72, 74, 415, 417, 419, 422, 424, 402, 425, 355, 364, (417)
204, 47, 65, 73, 415, 417, 419, 422, 424, 402, 425, 355, 364, (418)
204, 47, 72, 74, 415, 417, 419, 422, 424, 356, 362, 364, (414)
204, 47, 65, 73, 415, 417, 419, 422, 424, 356, 362, 364, (415)
Number of paths is 10
The residues that occur the most in the suboptimal paths are: 
47 10
65 6
73 6
204 10
355 8
364 10
415 8
417 8
419 8
422 6
424 6
425 6
The edges that occur the most in the suboptimal paths are:
47 204 10
355 364 8
415 417 8
417 419 8
