The shortest distance is here 381
The edge length offset is 4
Suboptimal paths will be no longer than 385
The sources are: 204 
The targets are: 380 
The final paths are:
204, 47, 65, 107, 97, 33, 31, 381, 379, 377, 345, 378, 380, (381)
204, 47, 65, 107, 97, 30, 381, 379, 377, 345, 378, 380, (385)
Number of paths is 2
The residues that occur the most in the suboptimal paths are: 
30 1
31 1
33 1
47 2
65 2
97 2
107 2
204 2
345 2
377 2
378 2
379 2
380 2
381 2
The edges that occur the most in the suboptimal paths are:
47 65 2
47 204 2
65 107 2
97 107 2
345 377 2
345 378 2
377 379 2
378 380 2
379 381 2
