The shortest distance is here 2735
The edge length offset is 15
Suboptimal paths will be no longer than 2750
The sources are: 204 
The targets are: 376 
The final paths are:
204, 47, 69, 73, 412, 98, 34, 380, 378, 376, (2735)
Number of paths is 1
The residues that occur the most in the suboptimal paths are: 
34 1
47 1
69 1
73 1
98 1
204 1
376 1
378 1
380 1
412 1
The edges that occur the most in the suboptimal paths are:
34 98 1
34 380 1
47 69 1
47 204 1
69 73 1
73 412 1
98 412 1
376 378 1
378 380 1
