The shortest distance is here 504
The edge length offset is 4
Suboptimal paths will be no longer than 508
The sources are: 204 
The targets are: 373 
The final paths are:
204, 47, 49, 64, 108, 33, 30, 381, 379, 376, 348, 350, 373, (504)
204, 47, 65, 107, 97, 30, 381, 379, 376, 348, 350, 373, (505)
204, 47, 49, 64, 108, 33, 31, 381, 379, 376, 348, 350, 373, (506)
204, 47, 72, 74, 415, 413, 420, 422, 424, 426, 428, 351, 373, (507)
204, 47, 72, 74, 415, 413, 411, 421, 423, 403, 401, 399, 397, 430, 351, 373, (507)
204, 47, 72, 74, 415, 413, 420, 422, 424, 426, 428, 430, 351, 373, (508)
204, 47, 49, 64, 108, 33, 30, 381, 379, 377, 375, 373, (504)
204, 47, 65, 107, 97, 30, 381, 379, 377, 375, 373, (505)
204, 47, 49, 64, 108, 33, 31, 381, 379, 377, 375, 373, (506)
Number of paths is 9
The residues that occur the most in the suboptimal paths are: 
47 9
204 9
373 9
379 6
381 6
The edges that occur the most in the suboptimal paths are:
47 204 9
