The shortest distance is here 2709
The edge length offset is 15
Suboptimal paths will be no longer than 2724
The sources are: 204 
The targets are: 368 
The final paths are:
204, 47, 69, 73, 412, 98, 409, 27, 353, 365, 368, (2709)
204, 47, 69, 73, 412, 98, 409, 27, 353, 366, 368, (2718)
Number of paths is 2
The residues that occur the most in the suboptimal paths are: 
27 2
47 2
69 2
73 2
98 2
204 2
353 2
365 1
366 1
368 2
409 2
412 2
The edges that occur the most in the suboptimal paths are:
27 353 2
27 409 2
47 69 2
47 204 2
69 73 2
73 412 2
98 409 2
98 412 2
