The shortest distance is here 368
The edge length offset is 4
Suboptimal paths will be no longer than 372
The sources are: 204 
The targets are: 365 
The final paths are:
204, 47, 65, 73, 415, 417, 363, 356, 354, 365, (368)
204, 47, 65, 73, 415, 417, 363, 355, 353, 365, (371)
Number of paths is 2
The residues that occur the most in the suboptimal paths are: 
47 2
65 2
73 2
204 2
353 1
354 1
355 1
356 1
363 2
365 2
415 2
417 2
The edges that occur the most in the suboptimal paths are:
47 65 2
47 204 2
65 73 2
73 415 2
363 417 2
415 417 2
