The shortest distance is here 461
The edge length offset is 4
Suboptimal paths will be no longer than 465
The sources are: 204 
The targets are: 353 
The final paths are:
204, 47, 72, 74, 415, 413, 420, 422, 424, 426, 353, (461)
204, 47, 72, 74, 415, 413, 420, 422, 424, 426, 428, 353, (465)
Number of paths is 2
The residues that occur the most in the suboptimal paths are: 
47 2
72 2
74 2
204 2
353 2
413 2
415 2
420 2
422 2
424 2
426 2
428 1
The edges that occur the most in the suboptimal paths are:
47 72 2
47 204 2
72 74 2
74 415 2
413 415 2
413 420 2
420 422 2
422 424 2
424 426 2
