The shortest distance is here 428
The edge length offset is 4
Suboptimal paths will be no longer than 432
The sources are: 204 
The targets are: 426 
The final paths are:
204, 47, 72, 74, 415, 413, 420, 422, 424, 426, (428)
Number of paths is 1
The residues that occur the most in the suboptimal paths are: 
47 1
72 1
74 1
204 1
413 1
415 1
420 1
422 1
424 1
426 1
The edges that occur the most in the suboptimal paths are:
47 72 1
47 204 1
72 74 1
74 415 1
413 415 1
413 420 1
420 422 1
422 424 1
424 426 1
