The shortest distance is here 420
The edge length offset is 4
Suboptimal paths will be no longer than 424
The sources are: 204 
The targets are: 386 
The final paths are:
204, 47, 65, 73, 412, 409, 383, 386, (420)
204, 47, 65, 73, 77, 414, 412, 409, 383, 386, (420)
204, 47, 72, 74, 77, 414, 412, 409, 383, 386, (421)
204, 47, 72, 75, 77, 414, 412, 409, 383, 386, (422)
204, 47, 65, 73, 412, 410, 405, 407, 384, 386, (421)
204, 47, 65, 73, 77, 414, 412, 410, 405, 407, 384, 386, (421)
204, 47, 72, 74, 77, 414, 412, 410, 405, 407, 384, 386, (422)
204, 47, 72, 75, 77, 414, 412, 410, 405, 407, 384, 386, (423)
204, 47, 65, 73, 412, 410, 405, 407, 385, 388, 386, (420)
204, 47, 65, 73, 77, 414, 412, 410, 405, 407, 385, 388, 386, (420)
204, 47, 72, 74, 77, 414, 412, 410, 405, 407, 385, 388, 386, (421)
204, 47, 72, 75, 77, 414, 412, 410, 405, 407, 385, 388, 386, (422)
Number of paths is 12
The residues that occur the most in the suboptimal paths are: 
47 12
65 6
72 6
73 6
77 9
204 12
386 12
405 8
407 8
410 8
412 12
414 9
The edges that occur the most in the suboptimal paths are:
47 204 12
77 414 9
412 414 9
