The shortest distance is here 545
The edge length offset is 4
Suboptimal paths will be no longer than 549
The sources are: 204 
The targets are: 375 
The final paths are:
204, 202, 200, 198, 75, 77, 96, 29, 27, 373, 375, (545)
Number of paths is 1
The residues that occur the most in the suboptimal paths are: 
27 1
29 1
75 1
77 1
96 1
198 1
200 1
202 1
204 1
373 1
375 1
The edges that occur the most in the suboptimal paths are:
27 29 1
27 373 1
29 96 1
75 77 1
75 198 1
77 96 1
198 200 1
200 202 1
202 204 1
373 375 1
