The shortest distance is here 337
The edge length offset is 4
Suboptimal paths will be no longer than 341
The sources are: 204 
The targets are: 418 
The final paths are:
204, 47, 49, 64, 108, 96, 414, 418, (337)
204, 47, 65, 109, 96, 414, 418, (340)
204, 47, 72, 74, 78, 416, 418, (341)
204, 47, 72, 75, 78, 416, 418, (341)
Number of paths is 4
The residues that occur the most in the suboptimal paths are: 
47 4
72 2
78 2
96 2
204 4
414 2
416 2
418 4
The edges that occur the most in the suboptimal paths are:
47 204 4
